<?xml version="1.0" encoding="UTF-8"?>
<coverage generated="1753850584011" clover="3.2.0">
  <project timestamp="1753850584011" name="All files">
    <metrics statements="286" coveredstatements="158" conditionals="121" coveredconditionals="75" methods="107" coveredmethods="61" elements="514" coveredelements="294" complexity="0" loc="286" ncloc="286" packages="6" files="6" classes="6"/>
    <package name="feedbackForm">
      <metrics statements="60" coveredstatements="0" conditionals="15" coveredconditionals="0" methods="18" coveredmethods="0"/>
      <file name="feedbackForm.js" path="/Users/apple/CascadeProjects/customer-feedback-management/force-app/main/default/lwc/feedbackForm/feedbackForm.js">
        <metrics statements="60" coveredstatements="0" conditionals="15" coveredconditionals="0" methods="18" coveredmethods="0"/>
        <line num="1" count="0" type="stmt"/>
        <line num="3" count="0" type="stmt"/>
        <line num="4" count="0" type="stmt"/>
        <line num="5" count="0" type="cond" truecount="0" falsecount="2"/>
        <line num="8" count="0" type="stmt"/>
        <line num="9" count="0" type="stmt"/>
        <line num="10" count="0" type="stmt"/>
        <line num="11" count="0" type="stmt"/>
        <line num="12" count="0" type="stmt"/>
        <line num="13" count="0" type="stmt"/>
        <line num="15" count="0" type="stmt"/>
        <line num="20" count="0" type="stmt"/>
        <line num="24" count="0" type="stmt"/>
        <line num="25" count="0" type="stmt"/>
        <line num="27" count="0" type="stmt"/>
        <line num="28" count="0" type="stmt"/>
        <line num="29" count="0" type="stmt"/>
        <line num="34" count="0" type="stmt"/>
        <line num="35" count="0" type="cond" truecount="0" falsecount="1"/>
        <line num="36" count="0" type="stmt"/>
        <line num="41" count="0" type="stmt"/>
        <line num="42" count="0" type="cond" truecount="0" falsecount="1"/>
        <line num="43" count="0" type="stmt"/>
        <line num="48" count="0" type="stmt"/>
        <line num="56" count="0" type="stmt"/>
        <line num="64" count="0" type="cond" truecount="0" falsecount="2"/>
        <line num="68" count="0" type="stmt"/>
        <line num="69" count="0" type="stmt"/>
        <line num="71" count="0" type="cond" truecount="0" falsecount="2"/>
        <line num="72" count="0" type="stmt"/>
        <line num="73" count="0" type="cond" truecount="0" falsecount="2"/>
        <line num="74" count="0" type="stmt"/>
        <line num="75" count="0" type="cond" truecount="0" falsecount="1"/>
        <line num="76" count="0" type="stmt"/>
        <line num="81" count="0" type="cond" truecount="0" falsecount="1"/>
        <line num="82" count="0" type="stmt"/>
        <line num="85" count="0" type="stmt"/>
        <line num="87" count="0" type="stmt"/>
        <line num="88" count="0" type="stmt"/>
        <line num="95" count="0" type="stmt"/>
        <line num="97" count="0" type="stmt"/>
        <line num="98" count="0" type="stmt"/>
        <line num="101" count="0" type="stmt"/>
        <line num="104" count="0" type="stmt"/>
        <line num="105" count="0" type="stmt"/>
        <line num="107" count="0" type="stmt"/>
        <line num="112" count="0" type="stmt"/>
        <line num="115" count="0" type="stmt"/>
        <line num="119" count="0" type="stmt"/>
        <line num="124" count="0" type="stmt"/>
        <line num="125" count="0" type="cond" truecount="0" falsecount="2"/>
        <line num="128" count="0" type="cond" truecount="0" falsecount="1"/>
        <line num="129" count="0" type="stmt"/>
        <line num="132" count="0" type="stmt"/>
        <line num="136" count="0" type="stmt"/>
        <line num="137" count="0" type="stmt"/>
        <line num="138" count="0" type="stmt"/>
        <line num="142" count="0" type="stmt"/>
        <line num="147" count="0" type="stmt"/>
        <line num="149" count="0" type="stmt"/>
      </file>
    </package>
    <package name="feedbackInbox">
      <metrics statements="45" coveredstatements="39" conditionals="25" coveredconditionals="20" methods="18" coveredmethods="14"/>
      <file name="feedbackInbox.js" path="/Users/apple/CascadeProjects/customer-feedback-management/force-app/main/default/lwc/feedbackInbox/feedbackInbox.js">
        <metrics statements="45" coveredstatements="39" conditionals="25" coveredconditionals="20" methods="18" coveredmethods="14"/>
        <line num="1" count="1" type="stmt"/>
        <line num="3" count="10" type="cond" truecount="2" falsecount="0"/>
        <line num="7" count="10" type="stmt"/>
        <line num="8" count="10" type="stmt"/>
        <line num="9" count="10" type="stmt"/>
        <line num="10" count="10" type="stmt"/>
        <line num="11" count="10" type="stmt"/>
        <line num="12" count="10" type="stmt"/>
        <line num="13" count="10" type="stmt"/>
        <line num="15" count="10" type="stmt"/>
        <line num="18" count="10" type="stmt"/>
        <line num="20" count="14" type="stmt"/>
        <line num="21" count="14" type="cond" truecount="4" falsecount="0"/>
        <line num="22" count="2" type="stmt"/>
        <line num="23" count="2" type="cond" truecount="1" falsecount="1"/>
        <line num="24" count="2" type="stmt"/>
        <line num="25" count="2" type="stmt"/>
        <line num="26" count="12" type="cond" truecount="1" falsecount="0"/>
        <line num="27" count="1" type="stmt"/>
        <line num="28" count="1" type="stmt"/>
        <line num="29" count="1" type="stmt"/>
        <line num="34" count="0" type="stmt"/>
        <line num="38" count="10" type="stmt"/>
        <line num="42" count="10" type="cond" truecount="1" falsecount="0"/>
        <line num="43" count="10" type="stmt"/>
        <line num="46" count="5" type="stmt"/>
        <line num="52" count="10" type="cond" truecount="1" falsecount="0"/>
        <line num="53" count="10" type="stmt"/>
        <line num="54" count="10" type="stmt"/>
        <line num="59" count="5" type="cond" truecount="4" falsecount="0"/>
        <line num="60" count="2" type="stmt"/>
        <line num="61" count="3" type="cond" truecount="2" falsecount="0"/>
        <line num="63" count="2" type="stmt"/>
        <line num="64" count="1" type="cond" truecount="0" falsecount="1"/>
        <line num="66" count="0" type="cond" truecount="0" falsecount="1"/>
        <line num="67" count="0" type="stmt"/>
        <line num="77" count="0" type="stmt"/>
        <line num="83" count="10" type="stmt"/>
        <line num="85" count="10" type="stmt"/>
        <line num="86" count="0" type="stmt"/>
        <line num="91" count="60" type="stmt"/>
        <line num="95" count="2" type="cond" truecount="2" falsecount="0"/>
        <line num="99" count="1" type="cond" truecount="2" falsecount="2"/>
        <line num="104" count="0" type="stmt"/>
        <line num="106" count="1" type="stmt"/>
      </file>
    </package>
    <package name="feedbackList">
      <metrics statements="49" coveredstatements="35" conditionals="20" coveredconditionals="15" methods="22" coveredmethods="13"/>
      <file name="feedbackList.js" path="/Users/apple/CascadeProjects/customer-feedback-management/force-app/main/default/lwc/feedbackList/feedbackList.js">
        <metrics statements="49" coveredstatements="35" conditionals="20" coveredconditionals="15" methods="22" coveredmethods="13"/>
        <line num="1" count="1" type="stmt"/>
        <line num="4" count="5" type="cond" truecount="2" falsecount="0"/>
        <line num="6" count="15" type="stmt"/>
        <line num="7" count="15" type="stmt"/>
        <line num="8" count="15" type="stmt"/>
        <line num="9" count="15" type="stmt"/>
        <line num="10" count="15" type="stmt"/>
        <line num="11" count="15" type="stmt"/>
        <line num="15" count="15" type="stmt"/>
        <line num="25" count="15" type="stmt"/>
        <line num="27" count="20" type="stmt"/>
        <line num="28" count="20" type="stmt"/>
        <line num="30" count="20" type="cond" truecount="2" falsecount="0"/>
        <line num="31" count="4" type="stmt"/>
        <line num="32" count="4" type="stmt"/>
        <line num="43" count="4" type="stmt"/>
        <line num="44" count="16" type="cond" truecount="1" falsecount="0"/>
        <line num="45" count="1" type="stmt"/>
        <line num="46" count="1" type="cond" truecount="1" falsecount="1"/>
        <line num="47" count="1" type="stmt"/>
        <line num="49" count="20" type="stmt"/>
        <line num="53" count="20" type="stmt"/>
        <line num="63" count="20" type="stmt"/>
        <line num="75" count="83" type="stmt"/>
        <line num="77" count="83" type="cond" truecount="0" falsecount="1"/>
        <line num="78" count="0" type="stmt"/>
        <line num="79" count="0" type="stmt"/>
        <line num="83" count="83" type="cond" truecount="0" falsecount="1"/>
        <line num="84" count="0" type="stmt"/>
        <line num="85" count="0" type="stmt"/>
        <line num="89" count="83" type="stmt"/>
        <line num="93" count="40" type="stmt"/>
        <line num="97" count="40" type="stmt"/>
        <line num="101" count="4" type="stmt"/>
        <line num="107" count="4" type="cond" truecount="2" falsecount="0"/>
        <line num="111" count="4" type="stmt"/>
        <line num="116" count="4" type="cond" truecount="2" falsecount="0"/>
        <line num="120" count="0" type="stmt"/>
        <line num="124" count="0" type="stmt"/>
        <line num="128" count="0" type="stmt"/>
        <line num="129" count="0" type="stmt"/>
        <line num="131" count="0" type="stmt"/>
        <line num="134" count="0" type="stmt"/>
        <line num="135" count="0" type="stmt"/>
        <line num="138" count="0" type="stmt"/>
        <line num="143" count="0" type="stmt"/>
        <line num="154" count="15" type="cond" truecount="0" falsecount="1"/>
        <line num="155" count="0" type="stmt"/>
        <line num="158" count="1" type="stmt"/>
      </file>
    </package>
    <package name="statusManager">
      <metrics statements="79" coveredstatements="39" conditionals="29" coveredconditionals="17" methods="27" coveredmethods="17"/>
      <file name="statusManager.js" path="/Users/apple/CascadeProjects/customer-feedback-management/force-app/main/default/lwc/statusManager/statusManager.js">
        <metrics statements="79" coveredstatements="39" conditionals="29" coveredconditionals="17" methods="27" coveredmethods="17"/>
        <line num="1" count="1" type="stmt"/>
        <line num="5" count="1" type="stmt"/>
        <line num="7" count="14" type="cond" truecount="2" falsecount="0"/>
        <line num="10" count="9" type="stmt"/>
        <line num="11" count="9" type="stmt"/>
        <line num="12" count="9" type="stmt"/>
        <line num="13" count="9" type="stmt"/>
        <line num="14" count="9" type="stmt"/>
        <line num="15" count="9" type="stmt"/>
        <line num="16" count="9" type="stmt"/>
        <line num="17" count="9" type="stmt"/>
        <line num="18" count="9" type="stmt"/>
        <line num="20" count="9" type="stmt"/>
        <line num="23" count="9" type="stmt"/>
        <line num="25" count="19" type="stmt"/>
        <line num="26" count="19" type="cond" truecount="1" falsecount="0"/>
        <line num="27" count="7" type="stmt"/>
        <line num="29" count="7" type="cond" truecount="3" falsecount="0"/>
        <line num="30" count="3" type="stmt"/>
        <line num="36" count="15" type="stmt"/>
        <line num="43" count="279" type="cond" truecount="1" falsecount="0"/>
        <line num="44" count="27" type="stmt"/>
        <line num="46" count="252" type="cond" truecount="2" falsecount="0"/>
        <line num="50" count="17" type="stmt"/>
        <line num="59" count="80" type="cond" truecount="1" falsecount="1"/>
        <line num="63" count="68" type="stmt"/>
        <line num="64" count="68" type="stmt"/>
        <line num="70" count="68" type="cond" truecount="1" falsecount="1"/>
        <line num="74" count="17" type="stmt"/>
        <line num="75" count="68" type="stmt"/>
        <line num="80" count="6" type="stmt"/>
        <line num="86" count="6" type="cond" truecount="1" falsecount="1"/>
        <line num="90" count="6" type="cond" truecount="1" falsecount="0"/>
        <line num="91" count="1" type="stmt"/>
        <line num="92" count="1" type="stmt"/>
        <line num="93" count="1" type="stmt"/>
        <line num="94" count="1" type="stmt"/>
        <line num="98" count="96" type="cond" truecount="2" falsecount="0"/>
        <line num="102" count="0" type="cond" truecount="0" falsecount="2"/>
        <line num="106" count="0" type="stmt"/>
        <line num="107" count="0" type="stmt"/>
        <line num="110" count="0" type="stmt"/>
        <line num="114" count="0" type="stmt"/>
        <line num="118" count="0" type="cond" truecount="0" falsecount="1"/>
        <line num="119" count="0" type="stmt"/>
        <line num="120" count="0" type="stmt"/>
        <line num="123" count="0" type="stmt"/>
        <line num="125" count="0" type="stmt"/>
        <line num="126" count="0" type="stmt"/>
        <line num="131" count="0" type="stmt"/>
        <line num="132" count="0" type="stmt"/>
        <line num="135" count="0" type="stmt"/>
        <line num="138" count="0" type="stmt"/>
        <line num="143" count="0" type="stmt"/>
        <line num="148" count="0" type="stmt"/>
        <line num="150" count="0" type="cond" truecount="0" falsecount="1"/>
        <line num="151" count="0" type="stmt"/>
        <line num="152" count="0" type="stmt"/>
        <line num="155" count="0" type="cond" truecount="0" falsecount="1"/>
        <line num="156" count="0" type="stmt"/>
        <line num="157" count="0" type="stmt"/>
        <line num="160" count="0" type="stmt"/>
        <line num="162" count="0" type="stmt"/>
        <line num="163" count="0" type="stmt"/>
        <line num="168" count="0" type="stmt"/>
        <line num="174" count="0" type="stmt"/>
        <line num="177" count="0" type="stmt"/>
        <line num="180" count="0" type="stmt"/>
        <line num="189" count="0" type="stmt"/>
        <line num="194" count="0" type="stmt"/>
        <line num="199" count="0" type="stmt"/>
        <line num="204" count="0" type="stmt"/>
        <line num="208" count="0" type="stmt"/>
        <line num="212" count="0" type="stmt"/>
        <line num="216" count="0" type="stmt"/>
        <line num="220" count="0" type="stmt"/>
        <line num="224" count="0" type="stmt"/>
        <line num="228" count="0" type="stmt"/>
        <line num="234" count="1" type="stmt"/>
      </file>
    </package>
    <package name="ticketHistory">
      <metrics statements="44" coveredstatements="40" conditionals="25" coveredconditionals="21" methods="17" coveredmethods="14"/>
      <file name="ticketHistory.js" path="/Users/apple/CascadeProjects/customer-feedback-management/force-app/main/default/lwc/ticketHistory/ticketHistory.js">
        <metrics statements="44" coveredstatements="40" conditionals="25" coveredconditionals="21" methods="17" coveredmethods="14"/>
        <line num="1" count="1" type="stmt"/>
        <line num="3" count="10" type="cond" truecount="2" falsecount="0"/>
        <line num="7" count="9" type="stmt"/>
        <line num="8" count="9" type="stmt"/>
        <line num="9" count="9" type="stmt"/>
        <line num="10" count="9" type="stmt"/>
        <line num="11" count="9" type="stmt"/>
        <line num="12" count="9" type="stmt"/>
        <line num="13" count="9" type="stmt"/>
        <line num="15" count="9" type="stmt"/>
        <line num="18" count="9" type="stmt"/>
        <line num="20" count="13" type="stmt"/>
        <line num="21" count="13" type="cond" truecount="4" falsecount="0"/>
        <line num="22" count="2" type="stmt"/>
        <line num="23" count="2" type="cond" truecount="1" falsecount="1"/>
        <line num="24" count="2" type="stmt"/>
        <line num="25" count="2" type="stmt"/>
        <line num="26" count="11" type="cond" truecount="1" falsecount="0"/>
        <line num="27" count="1" type="stmt"/>
        <line num="28" count="1" type="stmt"/>
        <line num="29" count="1" type="stmt"/>
        <line num="34" count="9" type="stmt"/>
        <line num="36" count="9" type="stmt"/>
        <line num="37" count="0" type="stmt"/>
        <line num="42" count="9" type="stmt"/>
        <line num="46" count="9" type="cond" truecount="1" falsecount="0"/>
        <line num="47" count="9" type="stmt"/>
        <line num="50" count="3" type="stmt"/>
        <line num="56" count="9" type="cond" truecount="1" falsecount="0"/>
        <line num="57" count="9" type="stmt"/>
        <line num="58" count="9" type="stmt"/>
        <line num="63" count="3" type="cond" truecount="3" falsecount="1"/>
        <line num="64" count="0" type="stmt"/>
        <line num="65" count="3" type="cond" truecount="2" falsecount="0"/>
        <line num="67" count="1" type="stmt"/>
        <line num="68" count="2" type="cond" truecount="1" falsecount="0"/>
        <line num="70" count="1" type="cond" truecount="1" falsecount="0"/>
        <line num="71" count="1" type="stmt"/>
        <line num="81" count="0" type="stmt"/>
        <line num="87" count="50" type="stmt"/>
        <line num="91" count="2" type="cond" truecount="2" falsecount="0"/>
        <line num="95" count="1" type="cond" truecount="2" falsecount="2"/>
        <line num="100" count="0" type="stmt"/>
        <line num="102" count="1" type="stmt"/>
      </file>
    </package>
    <package name="ticketWelcome">
      <metrics statements="9" coveredstatements="5" conditionals="7" coveredconditionals="2" methods="5" coveredmethods="3"/>
      <file name="ticketWelcome.js" path="/Users/apple/CascadeProjects/customer-feedback-management/force-app/main/default/lwc/ticketWelcome/ticketWelcome.js">
        <metrics statements="9" coveredstatements="5" conditionals="7" coveredconditionals="2" methods="5" coveredmethods="3"/>
        <line num="1" count="1" type="stmt"/>
        <line num="2" count="7" type="cond" truecount="2" falsecount="0"/>
        <line num="6" count="8" type="stmt"/>
        <line num="7" count="8" type="stmt"/>
        <line num="11" count="0" type="cond" truecount="0" falsecount="3"/>
        <line num="12" count="0" type="stmt"/>
        <line num="14" count="0" type="stmt"/>
        <line num="18" count="0" type="cond" truecount="0" falsecount="2"/>
        <line num="20" count="1" type="stmt"/>
      </file>
    </package>
  </project>
</coverage>
