{"/Users/apple/CascadeProjects/customer-feedback-management/force-app/main/default/lwc/feedbackForm/feedbackForm.js": {"path":"/Users/apple/CascadeProjects/customer-feedback-management/force-app/main/default/lwc/feedbackForm/feedbackForm.js","statementMap":{"0":{"start":{"line":1,"column":25},"end":{"line":1,"column":null}},"1":{"start":{"line":3,"column":0},"end":{"line":3,"column":null}},"2":{"start":{"line":4,"column":0},"end":{"line":4,"column":null}},"3":{"start":{"line":5,"column":0},"end":{"line":5,"column":66}},"4":{"start":{"line":5,"column":66},"end":{"line":5,"column":null}},"5":{"start":{"line":8,"column":76},"end":{"line":8,"column":null}},"6":{"start":{"line":9,"column":4},"end":{"line":10,"column":null}},"7":{"start":{"line":10,"column":28},"end":{"line":11,"column":null}},"8":{"start":{"line":11,"column":32},"end":{"line":12,"column":null}},"9":{"start":{"line":12,"column":29},"end":{"line":13,"column":null}},"10":{"start":{"line":13,"column":28},"end":{"line":14,"column":null}},"11":{"start":{"line":14,"column":24},"end":{"line":15,"column":null}},"12":{"start":{"line":15,"column":27},"end":{"line":16,"column":null}},"13":{"start":{"line":16,"column":31},"end":{"line":19,"column":null}},"14":{"start":{"line":23,"column":8},"end":{"line":23,"column":null}},"15":{"start":{"line":28,"column":27},"end":{"line":28,"column":79}},"16":{"start":{"line":29,"column":26},"end":{"line":29,"column":78}},"17":{"start":{"line":31,"column":8},"end":{"line":34,"column":null}},"18":{"start":{"line":32,"column":12},"end":{"line":32,"column":null}},"19":{"start":{"line":33,"column":12},"end":{"line":33,"column":null}},"20":{"start":{"line":39,"column":26},"end":{"line":39,"column":61}},"21":{"start":{"line":40,"column":8},"end":{"line":42,"column":null}},"22":{"start":{"line":41,"column":12},"end":{"line":41,"column":null}},"23":{"start":{"line":46,"column":26},"end":{"line":46,"column":61}},"24":{"start":{"line":47,"column":8},"end":{"line":49,"column":null}},"25":{"start":{"line":48,"column":12},"end":{"line":48,"column":null}},"26":{"start":{"line":53,"column":8},"end":{"line":57,"column":null}},"27":{"start":{"line":61,"column":8},"end":{"line":65,"column":null}},"28":{"start":{"line":69,"column":8},"end":{"line":69,"column":null}},"29":{"start":{"line":73,"column":22},"end":{"line":73,"column":39}},"30":{"start":{"line":74,"column":22},"end":{"line":74,"column":40}},"31":{"start":{"line":76,"column":8},"end":{"line":88,"column":null}},"32":{"start":{"line":77,"column":12},"end":{"line":77,"column":null}},"33":{"start":{"line":78,"column":15},"end":{"line":88,"column":null}},"34":{"start":{"line":79,"column":12},"end":{"line":79,"column":null}},"35":{"start":{"line":80,"column":15},"end":{"line":88,"column":null}},"36":{"start":{"line":81,"column":12},"end":{"line":81,"column":null}},"37":{"start":{"line":82,"column":15},"end":{"line":88,"column":null}},"38":{"start":{"line":83,"column":12},"end":{"line":83,"column":null}},"39":{"start":{"line":84,"column":15},"end":{"line":88,"column":null}},"40":{"start":{"line":85,"column":12},"end":{"line":85,"column":null}},"41":{"start":{"line":86,"column":15},"end":{"line":88,"column":null}},"42":{"start":{"line":87,"column":12},"end":{"line":87,"column":null}},"43":{"start":{"line":92,"column":8},"end":{"line":94,"column":null}},"44":{"start":{"line":93,"column":12},"end":{"line":93,"column":null}},"45":{"start":{"line":96,"column":8},"end":{"line":96,"column":null}},"46":{"start":{"line":98,"column":8},"end":{"line":122,"column":null}},"47":{"start":{"line":99,"column":31},"end":{"line":107,"column":13}},"48":{"start":{"line":109,"column":27},"end":{"line":109,"column":63}},"49":{"start":{"line":111,"column":12},"end":{"line":111,"column":null}},"50":{"start":{"line":112,"column":12},"end":{"line":112,"column":null}},"51":{"start":{"line":115,"column":12},"end":{"line":115,"column":null}},"52":{"start":{"line":118,"column":12},"end":{"line":118,"column":null}},"53":{"start":{"line":119,"column":12},"end":{"line":119,"column":null}},"54":{"start":{"line":121,"column":12},"end":{"line":121,"column":null}},"55":{"start":{"line":126,"column":24},"end":{"line":128,"column":9}},"56":{"start":{"line":129,"column":8},"end":{"line":129,"column":null}},"57":{"start":{"line":133,"column":25},"end":{"line":140,"column":16}},"58":{"start":{"line":138,"column":12},"end":{"line":138,"column":null}},"59":{"start":{"line":139,"column":12},"end":{"line":139,"column":null}},"60":{"start":{"line":142,"column":8},"end":{"line":144,"column":null}},"61":{"start":{"line":143,"column":12},"end":{"line":143,"column":null}},"62":{"start":{"line":146,"column":8},"end":{"line":146,"column":null}},"63":{"start":{"line":150,"column":8},"end":{"line":150,"column":null}},"64":{"start":{"line":151,"column":8},"end":{"line":151,"column":null}},"65":{"start":{"line":152,"column":8},"end":{"line":152,"column":null}},"66":{"start":{"line":153,"column":8},"end":{"line":153,"column":null}},"67":{"start":{"line":154,"column":8},"end":{"line":154,"column":null}},"68":{"start":{"line":155,"column":8},"end":{"line":155,"column":null}},"69":{"start":{"line":159,"column":22},"end":{"line":163,"column":10}},"70":{"start":{"line":164,"column":8},"end":{"line":164,"column":34}},"71":{"start":{"line":166,"column":1},"end":{"line":18,"column":null}},"72":{"start":{"line":18,"column":24},"end":{"line":18,"column":null}},"73":{"start":{"line":18,"column":24},"end":{"line":8,"column":42}}},"fnMap":{"0":{"name":"_interopRequireDefault","decl":{"start":{"line":5,"column":66},"end":{"line":5,"column":null}},"loc":{"start":{"line":5,"column":66},"end":{"line":5,"column":null}}},"1":{"name":"(anonymous_2)","decl":{"start":{"line":8,"column":76},"end":{"line":8,"column":null}},"loc":{"start":{"line":8,"column":76},"end":{"line":19,"column":null}}},"2":{"name":"(anonymous_3)","decl":{"start":{"line":21,"column":4},"end":{"line":21,"column":20}},"loc":{"start":{"line":21,"column":23},"end":{"line":24,"column":null}}},"3":{"name":"(anonymous_4)","decl":{"start":{"line":27,"column":4},"end":{"line":27,"column":25}},"loc":{"start":{"line":27,"column":28},"end":{"line":35,"column":null}}},"4":{"name":"(anonymous_5)","decl":{"start":{"line":31,"column":46},"end":{"line":31,"column":53}},"loc":{"start":{"line":31,"column":57},"end":{"line":34,"column":9}}},"5":{"name":"(anonymous_6)","decl":{"start":{"line":38,"column":4},"end":{"line":38,"column":15}},"loc":{"start":{"line":38,"column":23},"end":{"line":43,"column":null}}},"6":{"name":"(anonymous_7)","decl":{"start":{"line":45,"column":4},"end":{"line":45,"column":14}},"loc":{"start":{"line":45,"column":22},"end":{"line":50,"column":null}}},"7":{"name":"(anonymous_8)","decl":{"start":{"line":52,"column":4},"end":{"line":52,"column":8}},"loc":{"start":{"line":52,"column":30},"end":{"line":58,"column":null}}},"8":{"name":"(anonymous_9)","decl":{"start":{"line":60,"column":4},"end":{"line":60,"column":8}},"loc":{"start":{"line":60,"column":26},"end":{"line":66,"column":null}}},"9":{"name":"(anonymous_10)","decl":{"start":{"line":68,"column":4},"end":{"line":68,"column":8}},"loc":{"start":{"line":68,"column":25},"end":{"line":70,"column":null}}},"10":{"name":"(anonymous_11)","decl":{"start":{"line":72,"column":4},"end":{"line":72,"column":21}},"loc":{"start":{"line":72,"column":29},"end":{"line":89,"column":null}}},"11":{"name":"(anonymous_12)","decl":{"start":{"line":91,"column":4},"end":{"line":91,"column":10}},"loc":{"start":{"line":91,"column":25},"end":{"line":123,"column":null}}},"12":{"name":"(anonymous_13)","decl":{"start":{"line":125,"column":4},"end":{"line":125,"column":25}},"loc":{"start":{"line":125,"column":28},"end":{"line":130,"column":null}}},"13":{"name":"(anonymous_14)","decl":{"start":{"line":132,"column":4},"end":{"line":132,"column":16}},"loc":{"start":{"line":132,"column":19},"end":{"line":147,"column":null}}},"14":{"name":"(anonymous_15)","decl":{"start":{"line":137,"column":17},"end":{"line":137,"column":18}},"loc":{"start":{"line":137,"column":43},"end":{"line":140,"column":9}}},"15":{"name":"(anonymous_16)","decl":{"start":{"line":149,"column":4},"end":{"line":149,"column":13}},"loc":{"start":{"line":149,"column":16},"end":{"line":156,"column":null}}},"16":{"name":"(anonymous_17)","decl":{"start":{"line":158,"column":4},"end":{"line":158,"column":13}},"loc":{"start":{"line":158,"column":39},"end":{"line":165,"column":5}}},"17":{"name":"(anonymous_18)","decl":{"start":{"line":18,"column":24},"end":{"line":18,"column":null}},"loc":{"start":{"line":18,"column":24},"end":{"line":18,"column":null}}}},"branchMap":{"0":{"loc":{"start":{"line":5,"column":66},"end":{"line":5,"column":null}},"type":"cond-expr","locations":[{"start":{"line":5,"column":66},"end":{"line":5,"column":null}},{"start":{"line":5,"column":66},"end":{"line":5,"column":null}}]},"1":{"loc":{"start":{"line":40,"column":8},"end":{"line":42,"column":null}},"type":"if","locations":[{"start":{"line":40,"column":8},"end":{"line":42,"column":null}}]},"2":{"loc":{"start":{"line":47,"column":8},"end":{"line":49,"column":null}},"type":"if","locations":[{"start":{"line":47,"column":8},"end":{"line":49,"column":null}}]},"3":{"loc":{"start":{"line":69,"column":15},"end":{"line":69,"column":61}},"type":"cond-expr","locations":[{"start":{"line":69,"column":34},"end":{"line":69,"column":57}},{"start":{"line":69,"column":60},"end":{"line":69,"column":61}}]},"4":{"loc":{"start":{"line":76,"column":8},"end":{"line":88,"column":null}},"type":"if","locations":[{"start":{"line":76,"column":8},"end":{"line":88,"column":null}},{"start":{"line":78,"column":15},"end":{"line":88,"column":null}}]},"5":{"loc":{"start":{"line":78,"column":15},"end":{"line":88,"column":null}},"type":"if","locations":[{"start":{"line":78,"column":15},"end":{"line":88,"column":null}},{"start":{"line":80,"column":15},"end":{"line":88,"column":null}}]},"6":{"loc":{"start":{"line":80,"column":15},"end":{"line":88,"column":null}},"type":"if","locations":[{"start":{"line":80,"column":15},"end":{"line":88,"column":null}},{"start":{"line":82,"column":15},"end":{"line":88,"column":null}}]},"7":{"loc":{"start":{"line":82,"column":15},"end":{"line":88,"column":null}},"type":"if","locations":[{"start":{"line":82,"column":15},"end":{"line":88,"column":null}},{"start":{"line":84,"column":15},"end":{"line":88,"column":null}}]},"8":{"loc":{"start":{"line":84,"column":15},"end":{"line":88,"column":null}},"type":"if","locations":[{"start":{"line":84,"column":15},"end":{"line":88,"column":null}},{"start":{"line":86,"column":15},"end":{"line":88,"column":null}}]},"9":{"loc":{"start":{"line":86,"column":15},"end":{"line":88,"column":null}},"type":"if","locations":[{"start":{"line":86,"column":15},"end":{"line":88,"column":null}}]},"10":{"loc":{"start":{"line":92,"column":8},"end":{"line":94,"column":null}},"type":"if","locations":[{"start":{"line":92,"column":8},"end":{"line":94,"column":null}}]},"11":{"loc":{"start":{"line":139,"column":19},"end":{"line":139,"column":57}},"type":"binary-expr","locations":[{"start":{"line":139,"column":19},"end":{"line":139,"column":29}},{"start":{"line":139,"column":33},"end":{"line":139,"column":57}}]},"12":{"loc":{"start":{"line":142,"column":8},"end":{"line":144,"column":null}},"type":"if","locations":[{"start":{"line":142,"column":8},"end":{"line":144,"column":null}}]}},"s":{"0":1,"1":1,"2":1,"3":1,"4":6,"5":15,"6":15,"7":15,"8":15,"9":15,"10":15,"11":15,"12":15,"13":15,"14":18,"15":18,"16":18,"17":18,"18":54,"19":54,"20":0,"21":0,"22":0,"23":0,"24":0,"25":0,"26":18,"27":18,"28":18,"29":5,"30":5,"31":5,"32":0,"33":5,"34":0,"35":5,"36":0,"37":5,"38":2,"39":3,"40":0,"41":3,"42":3,"43":8,"44":8,"45":0,"46":0,"47":0,"48":0,"49":0,"50":0,"51":0,"52":0,"53":0,"54":0,"55":0,"56":0,"57":8,"58":48,"59":48,"60":8,"61":8,"62":8,"63":0,"64":0,"65":0,"66":0,"67":0,"68":0,"69":8,"70":8,"71":1,"72":15,"73":1},"f":{"0":1,"1":15,"2":18,"3":18,"4":54,"5":0,"6":0,"7":18,"8":18,"9":18,"10":5,"11":8,"12":0,"13":8,"14":48,"15":0,"16":8,"17":15},"b":{"0":[2,1],"1":[0],"2":[0],"3":[2,16],"4":[0,5],"5":[0,5],"6":[0,5],"7":[2,3],"8":[0,3],"9":[3],"10":[8],"11":[48,8],"12":[8]}}
,"/Users/apple/CascadeProjects/customer-feedback-management/force-app/main/default/lwc/feedbackInbox/feedbackInbox.js": {"path":"/Users/apple/CascadeProjects/customer-feedback-management/force-app/main/default/lwc/feedbackInbox/feedbackInbox.js","statementMap":{"0":{"start":{"line":1,"column":25},"end":{"line":1,"column":null}},"1":{"start":{"line":3,"column":0},"end":{"line":3,"column":90}},"2":{"start":{"line":3,"column":90},"end":{"line":3,"column":null}},"3":{"start":{"line":7,"column":60},"end":{"line":7,"column":null}},"4":{"start":{"line":7,"column":60},"end":{"line":8,"column":null}},"5":{"start":{"line":8,"column":26},"end":{"line":9,"column":null}},"6":{"start":{"line":9,"column":31},"end":{"line":10,"column":null}},"7":{"start":{"line":10,"column":30},"end":{"line":11,"column":null}},"8":{"start":{"line":11,"column":16},"end":{"line":12,"column":null}},"9":{"start":{"line":12,"column":22},"end":{"line":13,"column":null}},"10":{"start":{"line":13,"column":23},"end":{"line":16,"column":null}},"11":{"start":{"line":20,"column":8},"end":{"line":20,"column":null}},"12":{"start":{"line":21,"column":8},"end":{"line":30,"column":null}},"13":{"start":{"line":22,"column":12},"end":{"line":22,"column":null}},"14":{"start":{"line":23,"column":12},"end":{"line":23,"column":null}},"15":{"start":{"line":24,"column":12},"end":{"line":24,"column":null}},"16":{"start":{"line":25,"column":12},"end":{"line":25,"column":null}},"17":{"start":{"line":26,"column":15},"end":{"line":30,"column":null}},"18":{"start":{"line":27,"column":12},"end":{"line":27,"column":null}},"19":{"start":{"line":28,"column":12},"end":{"line":28,"column":null}},"20":{"start":{"line":29,"column":12},"end":{"line":29,"column":null}},"21":{"start":{"line":34,"column":8},"end":{"line":34,"column":null}},"22":{"start":{"line":38,"column":8},"end":{"line":38,"column":null}},"23":{"start":{"line":42,"column":8},"end":{"line":48,"column":null}},"24":{"start":{"line":43,"column":12},"end":{"line":47,"column":null}},"25":{"start":{"line":46,"column":29},"end":{"line":46,"column":null}},"26":{"start":{"line":53,"column":8},"end":{"line":56,"column":null}},"27":{"start":{"line":54,"column":12},"end":{"line":54,"column":null}},"28":{"start":{"line":55,"column":12},"end":{"line":55,"column":null}},"29":{"start":{"line":61,"column":8},"end":{"line":74,"column":null}},"30":{"start":{"line":62,"column":12},"end":{"line":62,"column":null}},"31":{"start":{"line":63,"column":15},"end":{"line":74,"column":null}},"32":{"start":{"line":65,"column":12},"end":{"line":65,"column":null}},"33":{"start":{"line":66,"column":15},"end":{"line":74,"column":null}},"34":{"start":{"line":68,"column":12},"end":{"line":73,"column":null}},"35":{"start":{"line":69,"column":16},"end":{"line":72,"column":null}},"36":{"start":{"line":79,"column":8},"end":{"line":81,"column":null}},"37":{"start":{"line":87,"column":8},"end":{"line":87,"column":null}},"38":{"start":{"line":89,"column":8},"end":{"line":91,"column":null}},"39":{"start":{"line":90,"column":12},"end":{"line":90,"column":null}},"40":{"start":{"line":96,"column":8},"end":{"line":96,"column":null}},"41":{"start":{"line":101,"column":8},"end":{"line":101,"column":null}},"42":{"start":{"line":105,"column":8},"end":{"line":106,"column":null}},"43":{"start":{"line":110,"column":8},"end":{"line":110,"column":null}},"44":{"start":{"line":112,"column":1},"end":{"line":18,"column":null}},"45":{"start":{"line":15,"column":24},"end":{"line":15,"column":null}},"46":{"start":{"line":18,"column":26},"end":{"line":18,"column":null}},"47":{"start":{"line":18,"column":40},"end":{"line":7,"column":43}}},"fnMap":{"0":{"name":"_interopRequireDefault","decl":{"start":{"line":3,"column":90},"end":{"line":3,"column":null}},"loc":{"start":{"line":3,"column":90},"end":{"line":3,"column":null}}},"1":{"name":"(anonymous_3)","decl":{"start":{"line":7,"column":60},"end":{"line":7,"column":null}},"loc":{"start":{"line":7,"column":60},"end":{"line":16,"column":null}}},"2":{"name":"(anonymous_4)","decl":{"start":{"line":19,"column":4},"end":{"line":19,"column":16}},"loc":{"start":{"line":19,"column":25},"end":{"line":31,"column":null}}},"3":{"name":"(anonymous_5)","decl":{"start":{"line":33,"column":4},"end":{"line":33,"column":21}},"loc":{"start":{"line":33,"column":24},"end":{"line":35,"column":null}}},"4":{"name":"(anonymous_6)","decl":{"start":{"line":37,"column":4},"end":{"line":37,"column":24}},"loc":{"start":{"line":37,"column":27},"end":{"line":39,"column":null}}},"5":{"name":"(anonymous_7)","decl":{"start":{"line":41,"column":4},"end":{"line":41,"column":29}},"loc":{"start":{"line":41,"column":32},"end":{"line":49,"column":null}}},"6":{"name":"(anonymous_8)","decl":{"start":{"line":46,"column":17},"end":{"line":46,"column":24}},"loc":{"start":{"line":46,"column":29},"end":{"line":46,"column":null}}},"7":{"name":"(anonymous_9)","decl":{"start":{"line":52,"column":4},"end":{"line":52,"column":31}},"loc":{"start":{"line":52,"column":34},"end":{"line":57,"column":null}}},"8":{"name":"(anonymous_10)","decl":{"start":{"line":60,"column":4},"end":{"line":60,"column":17}},"loc":{"start":{"line":60,"column":27},"end":{"line":75,"column":null}}},"9":{"name":"(anonymous_11)","decl":{"start":{"line":77,"column":4},"end":{"line":77,"column":27}},"loc":{"start":{"line":77,"column":30},"end":{"line":82,"column":null}}},"10":{"name":"(anonymous_12)","decl":{"start":{"line":86,"column":4},"end":{"line":86,"column":21}},"loc":{"start":{"line":86,"column":24},"end":{"line":92,"column":null}}},"11":{"name":"(anonymous_13)","decl":{"start":{"line":89,"column":19},"end":{"line":89,"column":25}},"loc":{"start":{"line":89,"column":25},"end":{"line":91,"column":9}}},"12":{"name":"(anonymous_14)","decl":{"start":{"line":95,"column":4},"end":{"line":95,"column":8}},"loc":{"start":{"line":95,"column":20},"end":{"line":97,"column":null}}},"13":{"name":"(anonymous_15)","decl":{"start":{"line":100,"column":4},"end":{"line":100,"column":8}},"loc":{"start":{"line":100,"column":21},"end":{"line":102,"column":null}}},"14":{"name":"(anonymous_16)","decl":{"start":{"line":104,"column":4},"end":{"line":104,"column":8}},"loc":{"start":{"line":104,"column":21},"end":{"line":107,"column":null}}},"15":{"name":"(anonymous_17)","decl":{"start":{"line":109,"column":4},"end":{"line":109,"column":8}},"loc":{"start":{"line":109,"column":31},"end":{"line":111,"column":5}}},"16":{"name":"(anonymous_18)","decl":{"start":{"line":15,"column":24},"end":{"line":15,"column":null}},"loc":{"start":{"line":15,"column":24},"end":{"line":15,"column":null}}},"17":{"name":"(anonymous_19)","decl":{"start":{"line":18,"column":26},"end":{"line":18,"column":30}},"loc":{"start":{"line":18,"column":26},"end":{"line":18,"column":null}}}},"branchMap":{"0":{"loc":{"start":{"line":3,"column":90},"end":{"line":3,"column":null}},"type":"cond-expr","locations":[{"start":{"line":3,"column":90},"end":{"line":3,"column":null}},{"start":{"line":3,"column":90},"end":{"line":3,"column":null}}]},"1":{"loc":{"start":{"line":21,"column":8},"end":{"line":30,"column":null}},"type":"if","locations":[{"start":{"line":21,"column":8},"end":{"line":30,"column":null}},{"start":{"line":26,"column":15},"end":{"line":30,"column":null}}]},"2":{"loc":{"start":{"line":21,"column":12},"end":{"line":21,"column":47}},"type":"binary-expr","locations":[{"start":{"line":21,"column":12},"end":{"line":21,"column":23}},{"start":{"line":21,"column":27},"end":{"line":21,"column":47}}]},"3":{"loc":{"start":{"line":23,"column":34},"end":{"line":23,"column":66}},"type":"binary-expr","locations":[{"start":{"line":23,"column":34},"end":{"line":23,"column":60}},{"start":{"line":23,"column":64},"end":{"line":23,"column":66}}]},"4":{"loc":{"start":{"line":26,"column":15},"end":{"line":30,"column":null}},"type":"if","locations":[{"start":{"line":26,"column":15},"end":{"line":30,"column":null}}]},"5":{"loc":{"start":{"line":42,"column":8},"end":{"line":48,"column":null}},"type":"if","locations":[{"start":{"line":42,"column":8},"end":{"line":48,"column":null}}]},"6":{"loc":{"start":{"line":53,"column":8},"end":{"line":56,"column":null}},"type":"if","locations":[{"start":{"line":53,"column":8},"end":{"line":56,"column":null}}]},"7":{"loc":{"start":{"line":61,"column":8},"end":{"line":74,"column":null}},"type":"if","locations":[{"start":{"line":61,"column":8},"end":{"line":74,"column":null}},{"start":{"line":63,"column":15},"end":{"line":74,"column":null}}]},"8":{"loc":{"start":{"line":61,"column":12},"end":{"line":61,"column":81}},"type":"binary-expr","locations":[{"start":{"line":61,"column":12},"end":{"line":61,"column":41}},{"start":{"line":61,"column":45},"end":{"line":61,"column":81}}]},"9":{"loc":{"start":{"line":63,"column":15},"end":{"line":74,"column":null}},"type":"if","locations":[{"start":{"line":63,"column":15},"end":{"line":74,"column":null}},{"start":{"line":66,"column":15},"end":{"line":74,"column":null}}]},"10":{"loc":{"start":{"line":66,"column":15},"end":{"line":74,"column":null}},"type":"if","locations":[{"start":{"line":66,"column":15},"end":{"line":74,"column":null}}]},"11":{"loc":{"start":{"line":68,"column":12},"end":{"line":73,"column":null}},"type":"if","locations":[{"start":{"line":68,"column":12},"end":{"line":73,"column":null}}]},"12":{"loc":{"start":{"line":101,"column":15},"end":{"line":101,"column":68}},"type":"binary-expr","locations":[{"start":{"line":101,"column":15},"end":{"line":101,"column":34}},{"start":{"line":101,"column":38},"end":{"line":101,"column":68}}]},"13":{"loc":{"start":{"line":105,"column":15},"end":{"line":106,"column":63}},"type":"cond-expr","locations":[{"start":{"line":106,"column":15},"end":{"line":106,"column":47}},{"start":{"line":106,"column":50},"end":{"line":106,"column":63}}]},"14":{"loc":{"start":{"line":105,"column":15},"end":{"line":105,"column":64}},"type":"binary-expr","locations":[{"start":{"line":105,"column":15},"end":{"line":105,"column":33}},{"start":{"line":105,"column":37},"end":{"line":105,"column":64}}]}},"s":{"0":1,"1":1,"2":10,"3":10,"4":10,"5":10,"6":10,"7":10,"8":10,"9":10,"10":10,"11":14,"12":14,"13":2,"14":2,"15":2,"16":2,"17":12,"18":1,"19":1,"20":1,"21":0,"22":10,"23":10,"24":10,"25":5,"26":10,"27":10,"28":10,"29":5,"30":2,"31":3,"32":2,"33":1,"34":0,"35":0,"36":0,"37":10,"38":10,"39":0,"40":60,"41":2,"42":1,"43":0,"44":1,"45":10,"46":10,"47":1},"f":{"0":2,"1":10,"2":14,"3":0,"4":10,"5":10,"6":5,"7":10,"8":5,"9":0,"10":10,"11":0,"12":60,"13":2,"14":1,"15":0,"16":10,"17":10},"b":{"0":[3,2],"1":[2,12],"2":[14,2],"3":[2,0],"4":[1],"5":[10],"6":[10],"7":[2,3],"8":[5,2],"9":[2,1],"10":[0],"11":[0],"12":[2,2],"13":[0,1],"14":[1,0]}}
,"/Users/apple/CascadeProjects/customer-feedback-management/force-app/main/default/lwc/feedbackList/feedbackList.js": {"path":"/Users/apple/CascadeProjects/customer-feedback-management/force-app/main/default/lwc/feedbackList/feedbackList.js","statementMap":{"0":{"start":{"line":1,"column":25},"end":{"line":1,"column":null}},"1":{"start":{"line":4,"column":0},"end":{"line":4,"column":65}},"2":{"start":{"line":4,"column":65},"end":{"line":4,"column":null}},"3":{"start":{"line":6,"column":59},"end":{"line":6,"column":null}},"4":{"start":{"line":6,"column":59},"end":{"line":7,"column":null}},"5":{"start":{"line":7,"column":28},"end":{"line":8,"column":null}},"6":{"start":{"line":8,"column":16},"end":{"line":9,"column":null}},"7":{"start":{"line":9,"column":27},"end":{"line":10,"column":null}},"8":{"start":{"line":10,"column":28},"end":{"line":11,"column":null}},"9":{"start":{"line":11,"column":26},"end":{"line":13,"column":null}},"10":{"start":{"line":15,"column":4},"end":{"line":23,"column":null}},"11":{"start":{"line":27,"column":8},"end":{"line":27,"column":null}},"12":{"start":{"line":28,"column":8},"end":{"line":28,"column":null}},"13":{"start":{"line":30,"column":8},"end":{"line":48,"column":null}},"14":{"start":{"line":31,"column":12},"end":{"line":42,"column":null}},"15":{"start":{"line":32,"column":16},"end":{"line":41,"column":null}},"16":{"start":{"line":43,"column":12},"end":{"line":43,"column":null}},"17":{"start":{"line":44,"column":15},"end":{"line":48,"column":null}},"18":{"start":{"line":45,"column":12},"end":{"line":45,"column":null}},"19":{"start":{"line":46,"column":12},"end":{"line":46,"column":null}},"20":{"start":{"line":47,"column":12},"end":{"line":47,"column":null}},"21":{"start":{"line":49,"column":8},"end":{"line":49,"column":null}},"22":{"start":{"line":53,"column":8},"end":{"line":59,"column":null}},"23":{"start":{"line":63,"column":8},"end":{"line":71,"column":null}},"24":{"start":{"line":75,"column":23},"end":{"line":75,"column":45}},"25":{"start":{"line":77,"column":8},"end":{"line":81,"column":null}},"26":{"start":{"line":78,"column":12},"end":{"line":80,"column":null}},"27":{"start":{"line":79,"column":16},"end":{"line":79,"column":null}},"28":{"start":{"line":83,"column":8},"end":{"line":87,"column":null}},"29":{"start":{"line":84,"column":12},"end":{"line":86,"column":null}},"30":{"start":{"line":85,"column":16},"end":{"line":85,"column":null}},"31":{"start":{"line":89,"column":8},"end":{"line":89,"column":null}},"32":{"start":{"line":93,"column":8},"end":{"line":93,"column":null}},"33":{"start":{"line":97,"column":8},"end":{"line":97,"column":null}},"34":{"start":{"line":101,"column":26},"end":{"line":106,"column":9}},"35":{"start":{"line":107,"column":8},"end":{"line":107,"column":null}},"36":{"start":{"line":111,"column":28},"end":{"line":115,"column":9}},"37":{"start":{"line":116,"column":8},"end":{"line":116,"column":null}},"38":{"start":{"line":120,"column":8},"end":{"line":120,"column":null}},"39":{"start":{"line":124,"column":8},"end":{"line":124,"column":null}},"40":{"start":{"line":128,"column":8},"end":{"line":128,"column":null}},"41":{"start":{"line":129,"column":8},"end":{"line":139,"column":null}},"42":{"start":{"line":131,"column":16},"end":{"line":131,"column":null}},"43":{"start":{"line":134,"column":16},"end":{"line":134,"column":null}},"44":{"start":{"line":135,"column":16},"end":{"line":135,"column":null}},"45":{"start":{"line":138,"column":16},"end":{"line":138,"column":null}},"46":{"start":{"line":143,"column":8},"end":{"line":149,"column":null}},"47":{"start":{"line":154,"column":8},"end":{"line":156,"column":null}},"48":{"start":{"line":155,"column":12},"end":{"line":155,"column":null}},"49":{"start":{"line":158,"column":1},"end":{"line":25,"column":null}},"50":{"start":{"line":25,"column":24},"end":{"line":25,"column":null}},"51":{"start":{"line":25,"column":24},"end":{"line":6,"column":42}}},"fnMap":{"0":{"name":"_interopRequireDefault","decl":{"start":{"line":4,"column":65},"end":{"line":4,"column":null}},"loc":{"start":{"line":4,"column":65},"end":{"line":4,"column":null}}},"1":{"name":"(anonymous_3)","decl":{"start":{"line":6,"column":59},"end":{"line":6,"column":null}},"loc":{"start":{"line":6,"column":59},"end":{"line":23,"column":null}}},"2":{"name":"(anonymous_4)","decl":{"start":{"line":26,"column":4},"end":{"line":26,"column":17}},"loc":{"start":{"line":26,"column":26},"end":{"line":50,"column":null}}},"3":{"name":"(anonymous_5)","decl":{"start":{"line":31,"column":48},"end":{"line":31,"column":56}},"loc":{"start":{"line":31,"column":60},"end":{"line":42,"column":13}}},"4":{"name":"(anonymous_6)","decl":{"start":{"line":52,"column":4},"end":{"line":52,"column":8}},"loc":{"start":{"line":52,"column":24},"end":{"line":60,"column":null}}},"5":{"name":"(anonymous_7)","decl":{"start":{"line":62,"column":4},"end":{"line":62,"column":8}},"loc":{"start":{"line":62,"column":22},"end":{"line":72,"column":null}}},"6":{"name":"(anonymous_8)","decl":{"start":{"line":74,"column":4},"end":{"line":74,"column":8}},"loc":{"start":{"line":74,"column":27},"end":{"line":90,"column":null}}},"7":{"name":"(anonymous_9)","decl":{"start":{"line":78,"column":39},"end":{"line":78,"column":47}},"loc":{"start":{"line":79,"column":16},"end":{"line":79,"column":null}}},"8":{"name":"(anonymous_10)","decl":{"start":{"line":84,"column":39},"end":{"line":84,"column":47}},"loc":{"start":{"line":85,"column":16},"end":{"line":85,"column":null}}},"9":{"name":"(anonymous_11)","decl":{"start":{"line":92,"column":4},"end":{"line":92,"column":8}},"loc":{"start":{"line":92,"column":22},"end":{"line":94,"column":null}}},"10":{"name":"(anonymous_12)","decl":{"start":{"line":96,"column":4},"end":{"line":96,"column":8}},"loc":{"start":{"line":96,"column":22},"end":{"line":98,"column":null}}},"11":{"name":"(anonymous_13)","decl":{"start":{"line":100,"column":4},"end":{"line":100,"column":18}},"loc":{"start":{"line":100,"column":27},"end":{"line":108,"column":null}}},"12":{"name":"(anonymous_14)","decl":{"start":{"line":110,"column":4},"end":{"line":110,"column":20}},"loc":{"start":{"line":110,"column":31},"end":{"line":117,"column":null}}},"13":{"name":"(anonymous_15)","decl":{"start":{"line":119,"column":4},"end":{"line":119,"column":28}},"loc":{"start":{"line":119,"column":36},"end":{"line":121,"column":null}}},"14":{"name":"(anonymous_16)","decl":{"start":{"line":123,"column":4},"end":{"line":123,"column":26}},"loc":{"start":{"line":123,"column":34},"end":{"line":125,"column":null}}},"15":{"name":"(anonymous_17)","decl":{"start":{"line":127,"column":4},"end":{"line":127,"column":15}},"loc":{"start":{"line":127,"column":18},"end":{"line":140,"column":null}}},"16":{"name":"(anonymous_18)","decl":{"start":{"line":130,"column":18},"end":{"line":130,"column":24}},"loc":{"start":{"line":130,"column":24},"end":{"line":132,"column":13}}},"17":{"name":"(anonymous_19)","decl":{"start":{"line":133,"column":19},"end":{"line":133,"column":24}},"loc":{"start":{"line":133,"column":28},"end":{"line":136,"column":13}}},"18":{"name":"(anonymous_20)","decl":{"start":{"line":137,"column":21},"end":{"line":137,"column":27}},"loc":{"start":{"line":137,"column":27},"end":{"line":139,"column":13}}},"19":{"name":"(anonymous_21)","decl":{"start":{"line":142,"column":4},"end":{"line":142,"column":13}},"loc":{"start":{"line":142,"column":39},"end":{"line":150,"column":null}}},"20":{"name":"(anonymous_22)","decl":{"start":{"line":152,"column":4},"end":{"line":152,"column":21}},"loc":{"start":{"line":152,"column":24},"end":{"line":157,"column":5}}},"21":{"name":"(anonymous_23)","decl":{"start":{"line":25,"column":24},"end":{"line":25,"column":null}},"loc":{"start":{"line":25,"column":24},"end":{"line":25,"column":null}}}},"branchMap":{"0":{"loc":{"start":{"line":4,"column":65},"end":{"line":4,"column":null}},"type":"cond-expr","locations":[{"start":{"line":4,"column":65},"end":{"line":4,"column":null}},{"start":{"line":4,"column":65},"end":{"line":4,"column":null}}]},"1":{"loc":{"start":{"line":30,"column":8},"end":{"line":48,"column":null}},"type":"if","locations":[{"start":{"line":30,"column":8},"end":{"line":48,"column":null}},{"start":{"line":44,"column":15},"end":{"line":48,"column":null}}]},"2":{"loc":{"start":{"line":34,"column":30},"end":{"line":34,"column":80}},"type":"binary-expr","locations":[{"start":{"line":34,"column":30},"end":{"line":34,"column":73}},{"start":{"line":34,"column":77},"end":{"line":34,"column":80}}]},"3":{"loc":{"start":{"line":37,"column":38},"end":{"line":37,"column":117}},"type":"cond-expr","locations":[{"start":{"line":37,"column":64},"end":{"line":37,"column":86}},{"start":{"line":37,"column":89},"end":{"line":37,"column":117}}]},"4":{"loc":{"start":{"line":38,"column":40},"end":{"line":38,"column":92}},"type":"binary-expr","locations":[{"start":{"line":38,"column":40},"end":{"line":38,"column":63}},{"start":{"line":38,"column":67},"end":{"line":38,"column":92}}]},"5":{"loc":{"start":{"line":44,"column":15},"end":{"line":48,"column":null}},"type":"if","locations":[{"start":{"line":44,"column":15},"end":{"line":48,"column":null}}]},"6":{"loc":{"start":{"line":46,"column":25},"end":{"line":46,"column":79}},"type":"binary-expr","locations":[{"start":{"line":46,"column":25},"end":{"line":46,"column":51}},{"start":{"line":46,"column":55},"end":{"line":46,"column":79}}]},"7":{"loc":{"start":{"line":77,"column":8},"end":{"line":81,"column":null}},"type":"if","locations":[{"start":{"line":77,"column":8},"end":{"line":81,"column":null}}]},"8":{"loc":{"start":{"line":83,"column":8},"end":{"line":87,"column":null}},"type":"if","locations":[{"start":{"line":83,"column":8},"end":{"line":87,"column":null}}]},"9":{"loc":{"start":{"line":107,"column":15},"end":{"line":107,"column":61}},"type":"binary-expr","locations":[{"start":{"line":107,"column":15},"end":{"line":107,"column":32}},{"start":{"line":107,"column":36},"end":{"line":107,"column":61}}]},"10":{"loc":{"start":{"line":116,"column":15},"end":{"line":116,"column":72}},"type":"binary-expr","locations":[{"start":{"line":116,"column":15},"end":{"line":116,"column":36}},{"start":{"line":116,"column":40},"end":{"line":116,"column":72}}]},"11":{"loc":{"start":{"line":154,"column":8},"end":{"line":156,"column":null}},"type":"if","locations":[{"start":{"line":154,"column":8},"end":{"line":156,"column":null}}]}},"s":{"0":1,"1":1,"2":5,"3":15,"4":15,"5":15,"6":15,"7":15,"8":15,"9":15,"10":15,"11":20,"12":20,"13":20,"14":4,"15":4,"16":4,"17":16,"18":1,"19":1,"20":1,"21":20,"22":20,"23":20,"24":83,"25":83,"26":0,"27":0,"28":83,"29":0,"30":0,"31":83,"32":40,"33":40,"34":4,"35":4,"36":4,"37":4,"38":0,"39":0,"40":0,"41":0,"42":0,"43":0,"44":0,"45":0,"46":0,"47":15,"48":0,"49":1,"50":15,"51":1},"f":{"0":1,"1":15,"2":20,"3":4,"4":20,"5":20,"6":83,"7":0,"8":0,"9":40,"10":40,"11":4,"12":4,"13":0,"14":0,"15":0,"16":0,"17":0,"18":0,"19":0,"20":15,"21":15},"b":{"0":[2,1],"1":[4,16],"2":[4,4],"3":[0,4],"4":[4,4],"5":[1],"6":[1,0],"7":[0],"8":[0],"9":[4,4],"10":[4,4],"11":[0]}}
,"/Users/apple/CascadeProjects/customer-feedback-management/force-app/main/default/lwc/statusManager/statusManager.js": {"path":"/Users/apple/CascadeProjects/customer-feedback-management/force-app/main/default/lwc/statusManager/statusManager.js","statementMap":{"0":{"start":{"line":1,"column":25},"end":{"line":1,"column":null}},"1":{"start":{"line":5,"column":0},"end":{"line":5,"column":null}},"2":{"start":{"line":7,"column":0},"end":{"line":7,"column":66}},"3":{"start":{"line":7,"column":66},"end":{"line":7,"column":null}},"4":{"start":{"line":10,"column":60},"end":{"line":10,"column":null}},"5":{"start":{"line":10,"column":60},"end":{"line":11,"column":null}},"6":{"start":{"line":11,"column":23},"end":{"line":12,"column":null}},"7":{"start":{"line":12,"column":29},"end":{"line":13,"column":null}},"8":{"start":{"line":13,"column":36},"end":{"line":14,"column":null}},"9":{"start":{"line":14,"column":28},"end":{"line":15,"column":null}},"10":{"start":{"line":15,"column":34},"end":{"line":16,"column":null}},"11":{"start":{"line":16,"column":25},"end":{"line":17,"column":null}},"12":{"start":{"line":17,"column":33},"end":{"line":18,"column":null}},"13":{"start":{"line":18,"column":23},"end":{"line":21,"column":null}},"14":{"start":{"line":25,"column":8},"end":{"line":25,"column":null}},"15":{"start":{"line":26,"column":8},"end":{"line":32,"column":null}},"16":{"start":{"line":27,"column":12},"end":{"line":27,"column":null}},"17":{"start":{"line":29,"column":12},"end":{"line":31,"column":null}},"18":{"start":{"line":30,"column":16},"end":{"line":30,"column":null}},"19":{"start":{"line":36,"column":8},"end":{"line":39,"column":null}},"20":{"start":{"line":36,"column":50},"end":{"line":39,"column":9}},"21":{"start":{"line":43,"column":8},"end":{"line":45,"column":null}},"22":{"start":{"line":44,"column":12},"end":{"line":44,"column":null}},"23":{"start":{"line":46,"column":8},"end":{"line":46,"column":null}},"24":{"start":{"line":46,"column":43},"end":{"line":46,"column":75}},"25":{"start":{"line":50,"column":8},"end":{"line":55,"column":null}},"26":{"start":{"line":59,"column":8},"end":{"line":59,"column":null}},"27":{"start":{"line":63,"column":24},"end":{"line":63,"column":42}},"28":{"start":{"line":64,"column":28},"end":{"line":69,"column":9}},"29":{"start":{"line":70,"column":8},"end":{"line":70,"column":null}},"30":{"start":{"line":74,"column":8},"end":{"line":76,"column":null}},"31":{"start":{"line":75,"column":12},"end":{"line":75,"column":null}},"32":{"start":{"line":80,"column":30},"end":{"line":85,"column":9}},"33":{"start":{"line":86,"column":8},"end":{"line":86,"column":null}},"34":{"start":{"line":90,"column":8},"end":{"line":90,"column":null}},"35":{"start":{"line":90,"column":53},"end":{"line":90,"column":null}},"36":{"start":{"line":91,"column":29},"end":{"line":91,"column":76}},"37":{"start":{"line":92,"column":20},"end":{"line":92,"column":30}},"38":{"start":{"line":93,"column":25},"end":{"line":93,"column":53}},"39":{"start":{"line":94,"column":8},"end":{"line":94,"column":null}},"40":{"start":{"line":98,"column":8},"end":{"line":98,"column":null}},"41":{"start":{"line":102,"column":8},"end":{"line":102,"column":null}},"42":{"start":{"line":106,"column":25},"end":{"line":106,"column":45}},"43":{"start":{"line":107,"column":8},"end":{"line":107,"column":null}},"44":{"start":{"line":107,"column":23},"end":{"line":107,"column":null}},"45":{"start":{"line":109,"column":26},"end":{"line":109,"column":57}},"46":{"start":{"line":110,"column":25},"end":{"line":110,"column":61}},"47":{"start":{"line":112,"column":8},"end":{"line":112,"column":null}},"48":{"start":{"line":112,"column":37},"end":{"line":112,"column":null}},"49":{"start":{"line":113,"column":8},"end":{"line":113,"column":null}},"50":{"start":{"line":117,"column":8},"end":{"line":117,"column":null}},"51":{"start":{"line":121,"column":8},"end":{"line":121,"column":null}},"52":{"start":{"line":122,"column":8},"end":{"line":122,"column":28}},"53":{"start":{"line":125,"column":8},"end":{"line":125,"column":null}},"54":{"start":{"line":129,"column":8},"end":{"line":129,"column":null}},"55":{"start":{"line":133,"column":8},"end":{"line":136,"column":null}},"56":{"start":{"line":134,"column":12},"end":{"line":134,"column":null}},"57":{"start":{"line":135,"column":12},"end":{"line":135,"column":null}},"58":{"start":{"line":138,"column":8},"end":{"line":138,"column":null}},"59":{"start":{"line":140,"column":8},"end":{"line":159,"column":null}},"60":{"start":{"line":141,"column":12},"end":{"line":144,"column":null}},"61":{"start":{"line":146,"column":12},"end":{"line":146,"column":null}},"62":{"start":{"line":147,"column":12},"end":{"line":147,"column":null}},"63":{"start":{"line":150,"column":12},"end":{"line":150,"column":null}},"64":{"start":{"line":153,"column":12},"end":{"line":156,"column":null}},"65":{"start":{"line":158,"column":12},"end":{"line":158,"column":null}},"66":{"start":{"line":163,"column":26},"end":{"line":163,"column":44}},"67":{"start":{"line":165,"column":8},"end":{"line":168,"column":null}},"68":{"start":{"line":166,"column":12},"end":{"line":166,"column":null}},"69":{"start":{"line":167,"column":12},"end":{"line":167,"column":null}},"70":{"start":{"line":170,"column":8},"end":{"line":173,"column":null}},"71":{"start":{"line":171,"column":12},"end":{"line":171,"column":null}},"72":{"start":{"line":172,"column":12},"end":{"line":172,"column":null}},"73":{"start":{"line":175,"column":8},"end":{"line":175,"column":null}},"74":{"start":{"line":177,"column":8},"end":{"line":210,"column":null}},"75":{"start":{"line":178,"column":12},"end":{"line":181,"column":null}},"76":{"start":{"line":183,"column":12},"end":{"line":186,"column":null}},"77":{"start":{"line":189,"column":12},"end":{"line":189,"column":null}},"78":{"start":{"line":192,"column":12},"end":{"line":192,"column":null}},"79":{"start":{"line":195,"column":12},"end":{"line":201,"column":null}},"80":{"start":{"line":204,"column":12},"end":{"line":207,"column":null}},"81":{"start":{"line":209,"column":12},"end":{"line":209,"column":null}},"82":{"start":{"line":214,"column":24},"end":{"line":218,"column":9}},"83":{"start":{"line":219,"column":8},"end":{"line":219,"column":null}},"84":{"start":{"line":223,"column":24},"end":{"line":226,"column":9}},"85":{"start":{"line":227,"column":8},"end":{"line":227,"column":null}},"86":{"start":{"line":231,"column":24},"end":{"line":234,"column":9}},"87":{"start":{"line":235,"column":8},"end":{"line":235,"column":null}},"88":{"start":{"line":239,"column":8},"end":{"line":239,"column":null}},"89":{"start":{"line":243,"column":8},"end":{"line":247,"column":null}},"90":{"start":{"line":249,"column":1},"end":{"line":23,"column":null}},"91":{"start":{"line":20,"column":24},"end":{"line":20,"column":null}},"92":{"start":{"line":23,"column":24},"end":{"line":23,"column":null}},"93":{"start":{"line":23,"column":24},"end":{"line":10,"column":43}}},"fnMap":{"0":{"name":"_interopRequireDefault","decl":{"start":{"line":7,"column":66},"end":{"line":7,"column":null}},"loc":{"start":{"line":7,"column":66},"end":{"line":7,"column":null}}},"1":{"name":"(anonymous_5)","decl":{"start":{"line":10,"column":60},"end":{"line":10,"column":null}},"loc":{"start":{"line":10,"column":60},"end":{"line":21,"column":null}}},"2":{"name":"(anonymous_6)","decl":{"start":{"line":24,"column":4},"end":{"line":24,"column":17}},"loc":{"start":{"line":24,"column":26},"end":{"line":33,"column":null}}},"3":{"name":"(anonymous_7)","decl":{"start":{"line":35,"column":4},"end":{"line":35,"column":8}},"loc":{"start":{"line":35,"column":26},"end":{"line":40,"column":null}}},"4":{"name":"(anonymous_8)","decl":{"start":{"line":36,"column":37},"end":{"line":36,"column":45}},"loc":{"start":{"line":36,"column":50},"end":{"line":39,"column":9}}},"5":{"name":"(anonymous_9)","decl":{"start":{"line":42,"column":4},"end":{"line":42,"column":8}},"loc":{"start":{"line":42,"column":26},"end":{"line":47,"column":null}}},"6":{"name":"(anonymous_10)","decl":{"start":{"line":46,"column":38},"end":{"line":46,"column":39}},"loc":{"start":{"line":46,"column":43},"end":{"line":46,"column":75}}},"7":{"name":"(anonymous_11)","decl":{"start":{"line":49,"column":4},"end":{"line":49,"column":8}},"loc":{"start":{"line":49,"column":24},"end":{"line":56,"column":null}}},"8":{"name":"(anonymous_12)","decl":{"start":{"line":58,"column":4},"end":{"line":58,"column":8}},"loc":{"start":{"line":58,"column":24},"end":{"line":60,"column":null}}},"9":{"name":"(anonymous_13)","decl":{"start":{"line":62,"column":4},"end":{"line":62,"column":8}},"loc":{"start":{"line":62,"column":26},"end":{"line":71,"column":null}}},"10":{"name":"(anonymous_14)","decl":{"start":{"line":73,"column":4},"end":{"line":73,"column":8}},"loc":{"start":{"line":73,"column":33},"end":{"line":77,"column":null}}},"11":{"name":"(anonymous_15)","decl":{"start":{"line":74,"column":41},"end":{"line":74,"column":47}},"loc":{"start":{"line":75,"column":12},"end":{"line":75,"column":null}}},"12":{"name":"(anonymous_16)","decl":{"start":{"line":79,"column":4},"end":{"line":79,"column":8}},"loc":{"start":{"line":79,"column":22},"end":{"line":87,"column":null}}},"13":{"name":"(anonymous_17)","decl":{"start":{"line":89,"column":4},"end":{"line":89,"column":8}},"loc":{"start":{"line":89,"column":30},"end":{"line":95,"column":null}}},"14":{"name":"(anonymous_18)","decl":{"start":{"line":97,"column":4},"end":{"line":97,"column":8}},"loc":{"start":{"line":97,"column":30},"end":{"line":99,"column":null}}},"15":{"name":"(anonymous_19)","decl":{"start":{"line":101,"column":4},"end":{"line":101,"column":8}},"loc":{"start":{"line":101,"column":23},"end":{"line":103,"column":null}}},"16":{"name":"(anonymous_20)","decl":{"start":{"line":105,"column":4},"end":{"line":105,"column":8}},"loc":{"start":{"line":105,"column":27},"end":{"line":114,"column":null}}},"17":{"name":"(anonymous_21)","decl":{"start":{"line":116,"column":4},"end":{"line":116,"column":8}},"loc":{"start":{"line":116,"column":24},"end":{"line":118,"column":null}}},"18":{"name":"(anonymous_22)","decl":{"start":{"line":120,"column":4},"end":{"line":120,"column":27}},"loc":{"start":{"line":120,"column":35},"end":{"line":126,"column":null}}},"19":{"name":"(anonymous_23)","decl":{"start":{"line":128,"column":4},"end":{"line":128,"column":21}},"loc":{"start":{"line":128,"column":29},"end":{"line":130,"column":null}}},"20":{"name":"(anonymous_24)","decl":{"start":{"line":132,"column":4},"end":{"line":132,"column":10}},"loc":{"start":{"line":132,"column":23},"end":{"line":160,"column":null}}},"21":{"name":"(anonymous_25)","decl":{"start":{"line":162,"column":4},"end":{"line":162,"column":10}},"loc":{"start":{"line":162,"column":36},"end":{"line":211,"column":null}}},"22":{"name":"(anonymous_26)","decl":{"start":{"line":213,"column":4},"end":{"line":213,"column":23}},"loc":{"start":{"line":213,"column":35},"end":{"line":220,"column":null}}},"23":{"name":"(anonymous_27)","decl":{"start":{"line":222,"column":4},"end":{"line":222,"column":21}},"loc":{"start":{"line":222,"column":24},"end":{"line":228,"column":null}}},"24":{"name":"(anonymous_28)","decl":{"start":{"line":230,"column":4},"end":{"line":230,"column":27}},"loc":{"start":{"line":230,"column":30},"end":{"line":236,"column":null}}},"25":{"name":"(anonymous_29)","decl":{"start":{"line":238,"column":4},"end":{"line":238,"column":23}},"loc":{"start":{"line":238,"column":26},"end":{"line":240,"column":null}}},"26":{"name":"(anonymous_30)","decl":{"start":{"line":242,"column":4},"end":{"line":242,"column":13}},"loc":{"start":{"line":242,"column":39},"end":{"line":248,"column":5}}},"27":{"name":"(anonymous_31)","decl":{"start":{"line":20,"column":24},"end":{"line":20,"column":null}},"loc":{"start":{"line":20,"column":24},"end":{"line":20,"column":null}}},"28":{"name":"(anonymous_32)","decl":{"start":{"line":23,"column":24},"end":{"line":23,"column":null}},"loc":{"start":{"line":23,"column":24},"end":{"line":23,"column":null}}}},"branchMap":{"0":{"loc":{"start":{"line":7,"column":66},"end":{"line":7,"column":null}},"type":"cond-expr","locations":[{"start":{"line":7,"column":66},"end":{"line":7,"column":null}},{"start":{"line":7,"column":66},"end":{"line":7,"column":null}}]},"1":{"loc":{"start":{"line":26,"column":8},"end":{"line":32,"column":null}},"type":"if","locations":[{"start":{"line":26,"column":8},"end":{"line":32,"column":null}}]},"2":{"loc":{"start":{"line":29,"column":12},"end":{"line":31,"column":null}},"type":"if","locations":[{"start":{"line":29,"column":12},"end":{"line":31,"column":null}}]},"3":{"loc":{"start":{"line":29,"column":16},"end":{"line":29,"column":66}},"type":"binary-expr","locations":[{"start":{"line":29,"column":16},"end":{"line":29,"column":40}},{"start":{"line":29,"column":44},"end":{"line":29,"column":66}}]},"4":{"loc":{"start":{"line":37,"column":41},"end":{"line":37,"column":102}},"type":"binary-expr","locations":[{"start":{"line":37,"column":41},"end":{"line":37,"column":82}},{"start":{"line":37,"column":86},"end":{"line":37,"column":102}}]},"5":{"loc":{"start":{"line":43,"column":8},"end":{"line":45,"column":null}},"type":"if","locations":[{"start":{"line":43,"column":8},"end":{"line":45,"column":null}}]},"6":{"loc":{"start":{"line":46,"column":15},"end":{"line":46,"column":82}},"type":"binary-expr","locations":[{"start":{"line":46,"column":15},"end":{"line":46,"column":76}},{"start":{"line":46,"column":80},"end":{"line":46,"column":82}}]},"7":{"loc":{"start":{"line":59,"column":15},"end":{"line":59,"column":55}},"type":"binary-expr","locations":[{"start":{"line":59,"column":15},"end":{"line":59,"column":46}},{"start":{"line":59,"column":50},"end":{"line":59,"column":55}}]},"8":{"loc":{"start":{"line":70,"column":15},"end":{"line":70,"column":41}},"type":"binary-expr","locations":[{"start":{"line":70,"column":15},"end":{"line":70,"column":35}},{"start":{"line":70,"column":39},"end":{"line":70,"column":41}}]},"9":{"loc":{"start":{"line":86,"column":33},"end":{"line":86,"column":72}},"type":"binary-expr","locations":[{"start":{"line":86,"column":33},"end":{"line":86,"column":66}},{"start":{"line":86,"column":70},"end":{"line":86,"column":72}}]},"10":{"loc":{"start":{"line":90,"column":8},"end":{"line":90,"column":null}},"type":"if","locations":[{"start":{"line":90,"column":8},"end":{"line":90,"column":null}}]},"11":{"loc":{"start":{"line":98,"column":15},"end":{"line":98,"column":62}},"type":"binary-expr","locations":[{"start":{"line":98,"column":15},"end":{"line":98,"column":35}},{"start":{"line":98,"column":39},"end":{"line":98,"column":62}}]},"12":{"loc":{"start":{"line":102,"column":15},"end":{"line":102,"column":75}},"type":"binary-expr","locations":[{"start":{"line":102,"column":15},"end":{"line":102,"column":39}},{"start":{"line":102,"column":43},"end":{"line":102,"column":75}}]},"13":{"loc":{"start":{"line":107,"column":8},"end":{"line":107,"column":null}},"type":"if","locations":[{"start":{"line":107,"column":8},"end":{"line":107,"column":null}}]},"14":{"loc":{"start":{"line":109,"column":26},"end":{"line":109,"column":57}},"type":"binary-expr","locations":[{"start":{"line":109,"column":26},"end":{"line":109,"column":51}},{"start":{"line":109,"column":55},"end":{"line":109,"column":57}}]},"15":{"loc":{"start":{"line":110,"column":25},"end":{"line":110,"column":61}},"type":"binary-expr","locations":[{"start":{"line":110,"column":25},"end":{"line":110,"column":55}},{"start":{"line":110,"column":59},"end":{"line":110,"column":61}}]},"16":{"loc":{"start":{"line":112,"column":8},"end":{"line":112,"column":null}},"type":"if","locations":[{"start":{"line":112,"column":8},"end":{"line":112,"column":null}}]},"17":{"loc":{"start":{"line":112,"column":12},"end":{"line":112,"column":35}},"type":"binary-expr","locations":[{"start":{"line":112,"column":12},"end":{"line":112,"column":22}},{"start":{"line":112,"column":26},"end":{"line":112,"column":35}}]},"18":{"loc":{"start":{"line":117,"column":15},"end":{"line":117,"column":72}},"type":"binary-expr","locations":[{"start":{"line":117,"column":15},"end":{"line":117,"column":54}},{"start":{"line":117,"column":58},"end":{"line":117,"column":72}}]},"19":{"loc":{"start":{"line":133,"column":8},"end":{"line":136,"column":null}},"type":"if","locations":[{"start":{"line":133,"column":8},"end":{"line":136,"column":null}}]},"20":{"loc":{"start":{"line":154,"column":41},"end":{"line":154,"column":77}},"type":"binary-expr","locations":[{"start":{"line":154,"column":41},"end":{"line":154,"column":60}},{"start":{"line":154,"column":64},"end":{"line":154,"column":77}}]},"21":{"loc":{"start":{"line":165,"column":8},"end":{"line":168,"column":null}},"type":"if","locations":[{"start":{"line":165,"column":8},"end":{"line":168,"column":null}}]},"22":{"loc":{"start":{"line":170,"column":8},"end":{"line":173,"column":null}},"type":"if","locations":[{"start":{"line":170,"column":8},"end":{"line":173,"column":null}}]},"23":{"loc":{"start":{"line":205,"column":44},"end":{"line":205,"column":80}},"type":"binary-expr","locations":[{"start":{"line":205,"column":44},"end":{"line":205,"column":63}},{"start":{"line":205,"column":67},"end":{"line":205,"column":80}}]}},"s":{"0":1,"1":1,"2":1,"3":14,"4":9,"5":9,"6":9,"7":9,"8":9,"9":9,"10":9,"11":9,"12":9,"13":9,"14":19,"15":19,"16":7,"17":7,"18":3,"19":15,"20":7,"21":323,"22":31,"23":292,"24":166,"25":17,"26":80,"27":68,"28":68,"29":68,"30":17,"31":68,"32":6,"33":6,"34":6,"35":5,"36":1,"37":1,"38":1,"39":1,"40":112,"41":0,"42":6,"43":6,"44":0,"45":6,"46":6,"47":6,"48":6,"49":0,"50":6,"51":0,"52":0,"53":0,"54":0,"55":0,"56":0,"57":0,"58":0,"59":0,"60":0,"61":0,"62":0,"63":0,"64":0,"65":0,"66":0,"67":0,"68":0,"69":0,"70":0,"71":0,"72":0,"73":0,"74":0,"75":0,"76":0,"77":0,"78":0,"79":0,"80":0,"81":0,"82":0,"83":0,"84":0,"85":0,"86":0,"87":0,"88":0,"89":0,"90":1,"91":9,"92":9,"93":1},"f":{"0":2,"1":9,"2":19,"3":15,"4":7,"5":323,"6":166,"7":17,"8":80,"9":68,"10":17,"11":68,"12":6,"13":6,"14":112,"15":0,"16":6,"17":6,"18":0,"19":0,"20":0,"21":0,"22":0,"23":0,"24":0,"25":0,"26":0,"27":9,"28":9},"b":{"0":[3,2],"1":[7],"2":[3],"3":[7,4],"4":[7,5],"5":[31],"6":[292,126],"7":[80,0],"8":[68,0],"9":[6,0],"10":[5],"11":[112,112],"12":[0,0],"13":[0],"14":[6,6],"15":[6,6],"16":[6],"17":[6,6],"18":[6,6],"19":[0],"20":[0,0],"21":[0],"22":[0],"23":[0,0]}}
,"/Users/apple/CascadeProjects/customer-feedback-management/force-app/main/default/lwc/ticketHistory/ticketHistory.js": {"path":"/Users/apple/CascadeProjects/customer-feedback-management/force-app/main/default/lwc/ticketHistory/ticketHistory.js","statementMap":{"0":{"start":{"line":1,"column":25},"end":{"line":1,"column":null}},"1":{"start":{"line":3,"column":0},"end":{"line":3,"column":90}},"2":{"start":{"line":3,"column":90},"end":{"line":3,"column":null}},"3":{"start":{"line":7,"column":60},"end":{"line":7,"column":null}},"4":{"start":{"line":7,"column":60},"end":{"line":8,"column":null}},"5":{"start":{"line":8,"column":26},"end":{"line":9,"column":null}},"6":{"start":{"line":9,"column":31},"end":{"line":10,"column":null}},"7":{"start":{"line":10,"column":30},"end":{"line":11,"column":null}},"8":{"start":{"line":11,"column":16},"end":{"line":12,"column":null}},"9":{"start":{"line":12,"column":22},"end":{"line":13,"column":null}},"10":{"start":{"line":13,"column":23},"end":{"line":16,"column":null}},"11":{"start":{"line":20,"column":8},"end":{"line":20,"column":null}},"12":{"start":{"line":21,"column":8},"end":{"line":30,"column":null}},"13":{"start":{"line":22,"column":12},"end":{"line":22,"column":null}},"14":{"start":{"line":23,"column":12},"end":{"line":23,"column":null}},"15":{"start":{"line":24,"column":12},"end":{"line":24,"column":null}},"16":{"start":{"line":25,"column":12},"end":{"line":25,"column":null}},"17":{"start":{"line":26,"column":15},"end":{"line":30,"column":null}},"18":{"start":{"line":27,"column":12},"end":{"line":27,"column":null}},"19":{"start":{"line":28,"column":12},"end":{"line":28,"column":null}},"20":{"start":{"line":29,"column":12},"end":{"line":29,"column":null}},"21":{"start":{"line":34,"column":8},"end":{"line":34,"column":null}},"22":{"start":{"line":36,"column":8},"end":{"line":38,"column":null}},"23":{"start":{"line":37,"column":12},"end":{"line":37,"column":null}},"24":{"start":{"line":42,"column":8},"end":{"line":42,"column":null}},"25":{"start":{"line":46,"column":8},"end":{"line":52,"column":null}},"26":{"start":{"line":47,"column":12},"end":{"line":51,"column":null}},"27":{"start":{"line":50,"column":29},"end":{"line":50,"column":null}},"28":{"start":{"line":56,"column":8},"end":{"line":59,"column":null}},"29":{"start":{"line":57,"column":12},"end":{"line":57,"column":null}},"30":{"start":{"line":58,"column":12},"end":{"line":58,"column":null}},"31":{"start":{"line":63,"column":8},"end":{"line":76,"column":null}},"32":{"start":{"line":64,"column":12},"end":{"line":64,"column":null}},"33":{"start":{"line":65,"column":15},"end":{"line":76,"column":null}},"34":{"start":{"line":67,"column":12},"end":{"line":67,"column":null}},"35":{"start":{"line":68,"column":15},"end":{"line":76,"column":null}},"36":{"start":{"line":70,"column":12},"end":{"line":75,"column":null}},"37":{"start":{"line":71,"column":16},"end":{"line":74,"column":null}},"38":{"start":{"line":81,"column":8},"end":{"line":83,"column":null}},"39":{"start":{"line":87,"column":8},"end":{"line":87,"column":null}},"40":{"start":{"line":91,"column":8},"end":{"line":91,"column":null}},"41":{"start":{"line":95,"column":8},"end":{"line":96,"column":null}},"42":{"start":{"line":100,"column":8},"end":{"line":100,"column":null}},"43":{"start":{"line":102,"column":1},"end":{"line":18,"column":null}},"44":{"start":{"line":15,"column":24},"end":{"line":15,"column":null}},"45":{"start":{"line":18,"column":26},"end":{"line":18,"column":null}},"46":{"start":{"line":18,"column":40},"end":{"line":7,"column":43}}},"fnMap":{"0":{"name":"_interopRequireDefault","decl":{"start":{"line":3,"column":90},"end":{"line":3,"column":null}},"loc":{"start":{"line":3,"column":90},"end":{"line":3,"column":null}}},"1":{"name":"(anonymous_3)","decl":{"start":{"line":7,"column":60},"end":{"line":7,"column":null}},"loc":{"start":{"line":7,"column":60},"end":{"line":16,"column":null}}},"2":{"name":"(anonymous_4)","decl":{"start":{"line":19,"column":4},"end":{"line":19,"column":16}},"loc":{"start":{"line":19,"column":25},"end":{"line":31,"column":null}}},"3":{"name":"(anonymous_5)","decl":{"start":{"line":33,"column":4},"end":{"line":33,"column":21}},"loc":{"start":{"line":33,"column":24},"end":{"line":39,"column":null}}},"4":{"name":"(anonymous_6)","decl":{"start":{"line":36,"column":19},"end":{"line":36,"column":25}},"loc":{"start":{"line":36,"column":25},"end":{"line":38,"column":9}}},"5":{"name":"(anonymous_7)","decl":{"start":{"line":41,"column":4},"end":{"line":41,"column":24}},"loc":{"start":{"line":41,"column":27},"end":{"line":43,"column":null}}},"6":{"name":"(anonymous_8)","decl":{"start":{"line":45,"column":4},"end":{"line":45,"column":29}},"loc":{"start":{"line":45,"column":32},"end":{"line":53,"column":null}}},"7":{"name":"(anonymous_9)","decl":{"start":{"line":50,"column":17},"end":{"line":50,"column":24}},"loc":{"start":{"line":50,"column":29},"end":{"line":50,"column":null}}},"8":{"name":"(anonymous_10)","decl":{"start":{"line":55,"column":4},"end":{"line":55,"column":31}},"loc":{"start":{"line":55,"column":34},"end":{"line":60,"column":null}}},"9":{"name":"(anonymous_11)","decl":{"start":{"line":62,"column":4},"end":{"line":62,"column":17}},"loc":{"start":{"line":62,"column":27},"end":{"line":77,"column":null}}},"10":{"name":"(anonymous_12)","decl":{"start":{"line":79,"column":4},"end":{"line":79,"column":27}},"loc":{"start":{"line":79,"column":30},"end":{"line":84,"column":null}}},"11":{"name":"(anonymous_13)","decl":{"start":{"line":86,"column":4},"end":{"line":86,"column":8}},"loc":{"start":{"line":86,"column":22},"end":{"line":88,"column":null}}},"12":{"name":"(anonymous_14)","decl":{"start":{"line":90,"column":4},"end":{"line":90,"column":8}},"loc":{"start":{"line":90,"column":21},"end":{"line":92,"column":null}}},"13":{"name":"(anonymous_15)","decl":{"start":{"line":94,"column":4},"end":{"line":94,"column":8}},"loc":{"start":{"line":94,"column":21},"end":{"line":97,"column":null}}},"14":{"name":"(anonymous_16)","decl":{"start":{"line":99,"column":4},"end":{"line":99,"column":8}},"loc":{"start":{"line":99,"column":31},"end":{"line":101,"column":5}}},"15":{"name":"(anonymous_17)","decl":{"start":{"line":15,"column":24},"end":{"line":15,"column":null}},"loc":{"start":{"line":15,"column":24},"end":{"line":15,"column":null}}},"16":{"name":"(anonymous_18)","decl":{"start":{"line":18,"column":26},"end":{"line":18,"column":30}},"loc":{"start":{"line":18,"column":26},"end":{"line":18,"column":null}}}},"branchMap":{"0":{"loc":{"start":{"line":3,"column":90},"end":{"line":3,"column":null}},"type":"cond-expr","locations":[{"start":{"line":3,"column":90},"end":{"line":3,"column":null}},{"start":{"line":3,"column":90},"end":{"line":3,"column":null}}]},"1":{"loc":{"start":{"line":21,"column":8},"end":{"line":30,"column":null}},"type":"if","locations":[{"start":{"line":21,"column":8},"end":{"line":30,"column":null}},{"start":{"line":26,"column":15},"end":{"line":30,"column":null}}]},"2":{"loc":{"start":{"line":21,"column":12},"end":{"line":21,"column":47}},"type":"binary-expr","locations":[{"start":{"line":21,"column":12},"end":{"line":21,"column":23}},{"start":{"line":21,"column":27},"end":{"line":21,"column":47}}]},"3":{"loc":{"start":{"line":23,"column":34},"end":{"line":23,"column":66}},"type":"binary-expr","locations":[{"start":{"line":23,"column":34},"end":{"line":23,"column":60}},{"start":{"line":23,"column":64},"end":{"line":23,"column":66}}]},"4":{"loc":{"start":{"line":26,"column":15},"end":{"line":30,"column":null}},"type":"if","locations":[{"start":{"line":26,"column":15},"end":{"line":30,"column":null}}]},"5":{"loc":{"start":{"line":46,"column":8},"end":{"line":52,"column":null}},"type":"if","locations":[{"start":{"line":46,"column":8},"end":{"line":52,"column":null}}]},"6":{"loc":{"start":{"line":56,"column":8},"end":{"line":59,"column":null}},"type":"if","locations":[{"start":{"line":56,"column":8},"end":{"line":59,"column":null}}]},"7":{"loc":{"start":{"line":63,"column":8},"end":{"line":76,"column":null}},"type":"if","locations":[{"start":{"line":63,"column":8},"end":{"line":76,"column":null}},{"start":{"line":65,"column":15},"end":{"line":76,"column":null}}]},"8":{"loc":{"start":{"line":63,"column":12},"end":{"line":63,"column":81}},"type":"binary-expr","locations":[{"start":{"line":63,"column":12},"end":{"line":63,"column":41}},{"start":{"line":63,"column":45},"end":{"line":63,"column":81}}]},"9":{"loc":{"start":{"line":65,"column":15},"end":{"line":76,"column":null}},"type":"if","locations":[{"start":{"line":65,"column":15},"end":{"line":76,"column":null}},{"start":{"line":68,"column":15},"end":{"line":76,"column":null}}]},"10":{"loc":{"start":{"line":68,"column":15},"end":{"line":76,"column":null}},"type":"if","locations":[{"start":{"line":68,"column":15},"end":{"line":76,"column":null}}]},"11":{"loc":{"start":{"line":70,"column":12},"end":{"line":75,"column":null}},"type":"if","locations":[{"start":{"line":70,"column":12},"end":{"line":75,"column":null}}]},"12":{"loc":{"start":{"line":91,"column":15},"end":{"line":91,"column":68}},"type":"binary-expr","locations":[{"start":{"line":91,"column":15},"end":{"line":91,"column":34}},{"start":{"line":91,"column":38},"end":{"line":91,"column":68}}]},"13":{"loc":{"start":{"line":95,"column":15},"end":{"line":96,"column":63}},"type":"cond-expr","locations":[{"start":{"line":96,"column":15},"end":{"line":96,"column":47}},{"start":{"line":96,"column":50},"end":{"line":96,"column":63}}]},"14":{"loc":{"start":{"line":95,"column":15},"end":{"line":95,"column":64}},"type":"binary-expr","locations":[{"start":{"line":95,"column":15},"end":{"line":95,"column":33}},{"start":{"line":95,"column":37},"end":{"line":95,"column":64}}]}},"s":{"0":1,"1":1,"2":10,"3":9,"4":9,"5":9,"6":9,"7":9,"8":9,"9":9,"10":9,"11":13,"12":13,"13":2,"14":2,"15":2,"16":2,"17":11,"18":1,"19":1,"20":1,"21":9,"22":9,"23":0,"24":9,"25":9,"26":9,"27":3,"28":9,"29":9,"30":9,"31":3,"32":0,"33":3,"34":1,"35":2,"36":1,"37":1,"38":0,"39":50,"40":2,"41":1,"42":0,"43":1,"44":9,"45":9,"46":1},"f":{"0":2,"1":9,"2":13,"3":9,"4":0,"5":9,"6":9,"7":3,"8":9,"9":3,"10":0,"11":50,"12":2,"13":1,"14":0,"15":9,"16":9},"b":{"0":[3,2],"1":[2,11],"2":[13,2],"3":[2,0],"4":[1],"5":[9],"6":[9],"7":[0,3],"8":[3,1],"9":[1,2],"10":[1],"11":[1],"12":[2,2],"13":[0,1],"14":[1,0]}}
,"/Users/apple/CascadeProjects/customer-feedback-management/force-app/main/default/lwc/ticketWelcome/ticketWelcome.js": {"path":"/Users/apple/CascadeProjects/customer-feedback-management/force-app/main/default/lwc/ticketWelcome/ticketWelcome.js","statementMap":{"0":{"start":{"line":1,"column":25},"end":{"line":1,"column":null}},"1":{"start":{"line":2,"column":0},"end":{"line":2,"column":49}},"2":{"start":{"line":2,"column":49},"end":{"line":2,"column":null}},"3":{"start":{"line":6,"column":60},"end":{"line":6,"column":null}},"4":{"start":{"line":6,"column":60},"end":{"line":8,"column":null}},"5":{"start":{"line":11,"column":4},"end":{"line":13,"column":null}},"6":{"start":{"line":12,"column":6},"end":{"line":12,"column":null}},"7":{"start":{"line":14,"column":4},"end":{"line":14,"column":null}},"8":{"start":{"line":18,"column":4},"end":{"line":18,"column":null}},"9":{"start":{"line":20,"column":1},"end":{"line":7,"column":null}},"10":{"start":{"line":7,"column":17},"end":{"line":7,"column":null}},"11":{"start":{"line":7,"column":60},"end":{"line":6,"column":43}}},"fnMap":{"0":{"name":"_interopRequireDefault","decl":{"start":{"line":2,"column":49},"end":{"line":2,"column":null}},"loc":{"start":{"line":2,"column":49},"end":{"line":2,"column":null}}},"1":{"name":"(anonymous_1)","decl":{"start":{"line":6,"column":60},"end":{"line":6,"column":null}},"loc":{"start":{"line":6,"column":60},"end":{"line":8,"column":null}}},"2":{"name":"(anonymous_2)","decl":{"start":{"line":10,"column":2},"end":{"line":10,"column":6}},"loc":{"start":{"line":10,"column":17},"end":{"line":15,"column":null}}},"3":{"name":"(anonymous_3)","decl":{"start":{"line":17,"column":2},"end":{"line":17,"column":6}},"loc":{"start":{"line":17,"column":21},"end":{"line":19,"column":3}}},"4":{"name":"(anonymous_4)","decl":{"start":{"line":7,"column":17},"end":{"line":7,"column":21}},"loc":{"start":{"line":7,"column":17},"end":{"line":7,"column":null}}}},"branchMap":{"0":{"loc":{"start":{"line":2,"column":49},"end":{"line":2,"column":null}},"type":"cond-expr","locations":[{"start":{"line":2,"column":49},"end":{"line":2,"column":null}},{"start":{"line":2,"column":49},"end":{"line":2,"column":null}}]},"1":{"loc":{"start":{"line":11,"column":4},"end":{"line":13,"column":null}},"type":"if","locations":[{"start":{"line":11,"column":4},"end":{"line":13,"column":null}}]},"2":{"loc":{"start":{"line":11,"column":8},"end":{"line":11,"column":35}},"type":"binary-expr","locations":[{"start":{"line":11,"column":8},"end":{"line":11,"column":17}},{"start":{"line":11,"column":21},"end":{"line":11,"column":35}}]},"3":{"loc":{"start":{"line":18,"column":11},"end":{"line":18,"column":38}},"type":"binary-expr","locations":[{"start":{"line":18,"column":11},"end":{"line":18,"column":20}},{"start":{"line":18,"column":24},"end":{"line":18,"column":38}}]}},"s":{"0":1,"1":1,"2":7,"3":8,"4":8,"5":0,"6":0,"7":0,"8":0,"9":1,"10":8,"11":1},"f":{"0":1,"1":8,"2":0,"3":0,"4":8},"b":{"0":[2,1],"1":[0],"2":[0,0],"3":[0,0]}}
}
