{"/Users/apple/CascadeProjects/customer-feedback-management/force-app/main/default/lwc/escalationMonitor/escalationMonitor.js": {"path":"/Users/apple/CascadeProjects/customer-feedback-management/force-app/main/default/lwc/escalationMonitor/escalationMonitor.js","statementMap":{"0":{"start":{"line":1,"column":25},"end":{"line":1,"column":null}},"1":{"start":{"line":4,"column":0},"end":{"line":4,"column":68}},"2":{"start":{"line":4,"column":68},"end":{"line":4,"column":null}},"3":{"start":{"line":7,"column":64},"end":{"line":7,"column":null}},"4":{"start":{"line":7,"column":64},"end":{"line":8,"column":null}},"5":{"start":{"line":8,"column":33},"end":{"line":9,"column":null}},"6":{"start":{"line":9,"column":16},"end":{"line":10,"column":null}},"7":{"start":{"line":10,"column":40},"end":{"line":11,"column":null}},"8":{"start":{"line":15,"column":8},"end":{"line":15,"column":null}},"9":{"start":{"line":16,"column":8},"end":{"line":30,"column":null}},"10":{"start":{"line":18,"column":12},"end":{"line":25,"column":null}},"11":{"start":{"line":19,"column":36},"end":{"line":19,"column":67}},"12":{"start":{"line":20,"column":34},"end":{"line":24,"column":17}},"13":{"start":{"line":25,"column":32},"end":{"line":25,"column":81}},"14":{"start":{"line":26,"column":12},"end":{"line":26,"column":null}},"15":{"start":{"line":27,"column":15},"end":{"line":30,"column":null}},"16":{"start":{"line":28,"column":12},"end":{"line":28,"column":null}},"17":{"start":{"line":29,"column":12},"end":{"line":29,"column":null}},"18":{"start":{"line":35,"column":8},"end":{"line":39,"column":null}},"19":{"start":{"line":38,"column":25},"end":{"line":38,"column":null}},"20":{"start":{"line":43,"column":8},"end":{"line":45,"column":null}},"21":{"start":{"line":44,"column":12},"end":{"line":44,"column":null}},"22":{"start":{"line":49,"column":8},"end":{"line":49,"column":null}},"23":{"start":{"line":49,"column":22},"end":{"line":49,"column":null}},"24":{"start":{"line":50,"column":8},"end":{"line":50,"column":null}},"25":{"start":{"line":50,"column":22},"end":{"line":50,"column":null}},"26":{"start":{"line":51,"column":8},"end":{"line":51,"column":null}},"27":{"start":{"line":55,"column":8},"end":{"line":61,"column":null}},"28":{"start":{"line":56,"column":24},"end":{"line":56,"column":null}},"29":{"start":{"line":57,"column":32},"end":{"line":57,"column":null}},"30":{"start":{"line":58,"column":29},"end":{"line":58,"column":null}},"31":{"start":{"line":59,"column":27},"end":{"line":59,"column":null}},"32":{"start":{"line":60,"column":21},"end":{"line":60,"column":null}},"33":{"start":{"line":63,"column":1},"end":{"line":13,"column":null}},"34":{"start":{"line":10,"column":24},"end":{"line":10,"column":26}},"35":{"start":{"line":13,"column":24},"end":{"line":13,"column":null}},"36":{"start":{"line":13,"column":24},"end":{"line":7,"column":47}}},"fnMap":{"0":{"name":"_interopRequireDefault","decl":{"start":{"line":4,"column":68},"end":{"line":4,"column":null}},"loc":{"start":{"line":4,"column":68},"end":{"line":4,"column":null}}},"1":{"name":"(anonymous_3)","decl":{"start":{"line":7,"column":64},"end":{"line":7,"column":null}},"loc":{"start":{"line":7,"column":64},"end":{"line":11,"column":null}}},"2":{"name":"(anonymous_4)","decl":{"start":{"line":14,"column":4},"end":{"line":14,"column":17}},"loc":{"start":{"line":14,"column":26},"end":{"line":31,"column":null}}},"3":{"name":"(anonymous_5)","decl":{"start":{"line":19,"column":24},"end":{"line":19,"column":32}},"loc":{"start":{"line":19,"column":36},"end":{"line":19,"column":67}}},"4":{"name":"(anonymous_6)","decl":{"start":{"line":20,"column":21},"end":{"line":20,"column":29}},"loc":{"start":{"line":20,"column":34},"end":{"line":24,"column":17}}},"5":{"name":"(anonymous_7)","decl":{"start":{"line":25,"column":22},"end":{"line":25,"column":23}},"loc":{"start":{"line":25,"column":32},"end":{"line":25,"column":81}}},"6":{"name":"(anonymous_8)","decl":{"start":{"line":33,"column":4},"end":{"line":33,"column":21}},"loc":{"start":{"line":33,"column":24},"end":{"line":40,"column":null}}},"7":{"name":"(anonymous_9)","decl":{"start":{"line":38,"column":13},"end":{"line":38,"column":20}},"loc":{"start":{"line":38,"column":25},"end":{"line":38,"column":null}}},"8":{"name":"(anonymous_10)","decl":{"start":{"line":42,"column":4},"end":{"line":42,"column":17}},"loc":{"start":{"line":42,"column":27},"end":{"line":46,"column":null}}},"9":{"name":"(anonymous_11)","decl":{"start":{"line":48,"column":4},"end":{"line":48,"column":19}},"loc":{"start":{"line":48,"column":26},"end":{"line":52,"column":null}}},"10":{"name":"(anonymous_12)","decl":{"start":{"line":54,"column":4},"end":{"line":54,"column":18}},"loc":{"start":{"line":54,"column":27},"end":{"line":62,"column":5}}},"11":{"name":"(anonymous_13)","decl":{"start":{"line":10,"column":24},"end":{"line":10,"column":26}},"loc":{"start":{"line":10,"column":24},"end":{"line":10,"column":26}}},"12":{"name":"(anonymous_14)","decl":{"start":{"line":13,"column":24},"end":{"line":13,"column":null}},"loc":{"start":{"line":13,"column":24},"end":{"line":13,"column":null}}}},"branchMap":{"0":{"loc":{"start":{"line":4,"column":68},"end":{"line":4,"column":null}},"type":"cond-expr","locations":[{"start":{"line":4,"column":68},"end":{"line":4,"column":null}},{"start":{"line":4,"column":68},"end":{"line":4,"column":null}}]},"1":{"loc":{"start":{"line":16,"column":8},"end":{"line":30,"column":null}},"type":"if","locations":[{"start":{"line":16,"column":8},"end":{"line":30,"column":null}},{"start":{"line":27,"column":15},"end":{"line":30,"column":null}}]},"2":{"loc":{"start":{"line":27,"column":15},"end":{"line":30,"column":null}},"type":"if","locations":[{"start":{"line":27,"column":15},"end":{"line":30,"column":null}}]},"3":{"loc":{"start":{"line":43,"column":8},"end":{"line":45,"column":null}},"type":"if","locations":[{"start":{"line":43,"column":8},"end":{"line":45,"column":null}}]},"4":{"loc":{"start":{"line":49,"column":8},"end":{"line":49,"column":null}},"type":"if","locations":[{"start":{"line":49,"column":8},"end":{"line":49,"column":null}}]},"5":{"loc":{"start":{"line":50,"column":8},"end":{"line":50,"column":null}},"type":"if","locations":[{"start":{"line":50,"column":8},"end":{"line":50,"column":null}}]},"6":{"loc":{"start":{"line":55,"column":8},"end":{"line":61,"column":null}},"type":"switch","locations":[{"start":{"line":56,"column":12},"end":{"line":56,"column":null}},{"start":{"line":57,"column":12},"end":{"line":57,"column":null}},{"start":{"line":58,"column":12},"end":{"line":58,"column":null}},{"start":{"line":59,"column":12},"end":{"line":59,"column":null}},{"start":{"line":60,"column":12},"end":{"line":60,"column":null}}]}},"s":{"0":0,"1":0,"2":0,"3":0,"4":0,"5":0,"6":0,"7":0,"8":0,"9":0,"10":0,"11":0,"12":0,"13":0,"14":0,"15":0,"16":0,"17":0,"18":0,"19":0,"20":0,"21":0,"22":0,"23":0,"24":0,"25":0,"26":0,"27":0,"28":0,"29":0,"30":0,"31":0,"32":0,"33":0,"34":0,"35":0,"36":0},"f":{"0":0,"1":0,"2":0,"3":0,"4":0,"5":0,"6":0,"7":0,"8":0,"9":0,"10":0,"11":0,"12":0},"b":{"0":[0,0],"1":[0,0],"2":[0],"3":[0],"4":[0],"5":[0],"6":[0,0,0,0,0]}}
,"/Users/apple/CascadeProjects/customer-feedback-management/force-app/main/default/lwc/feedbackForm/feedbackForm.js": {"path":"/Users/apple/CascadeProjects/customer-feedback-management/force-app/main/default/lwc/feedbackForm/feedbackForm.js","statementMap":{"0":{"start":{"line":1,"column":25},"end":{"line":1,"column":null}},"1":{"start":{"line":3,"column":0},"end":{"line":3,"column":null}},"2":{"start":{"line":4,"column":0},"end":{"line":4,"column":null}},"3":{"start":{"line":5,"column":0},"end":{"line":5,"column":66}},"4":{"start":{"line":5,"column":66},"end":{"line":5,"column":null}},"5":{"start":{"line":8,"column":76},"end":{"line":8,"column":null}},"6":{"start":{"line":8,"column":76},"end":{"line":9,"column":null}},"7":{"start":{"line":9,"column":28},"end":{"line":10,"column":null}},"8":{"start":{"line":10,"column":24},"end":{"line":11,"column":null}},"9":{"start":{"line":11,"column":21},"end":{"line":12,"column":null}},"10":{"start":{"line":12,"column":27},"end":{"line":13,"column":null}},"11":{"start":{"line":13,"column":31},"end":{"line":16,"column":null}},"12":{"start":{"line":19,"column":8},"end":{"line":23,"column":null}},"13":{"start":{"line":27,"column":8},"end":{"line":31,"column":null}},"14":{"start":{"line":35,"column":22},"end":{"line":35,"column":39}},"15":{"start":{"line":36,"column":22},"end":{"line":36,"column":40}},"16":{"start":{"line":38,"column":8},"end":{"line":46,"column":null}},"17":{"start":{"line":39,"column":12},"end":{"line":39,"column":null}},"18":{"start":{"line":40,"column":15},"end":{"line":46,"column":null}},"19":{"start":{"line":41,"column":12},"end":{"line":41,"column":null}},"20":{"start":{"line":42,"column":15},"end":{"line":46,"column":null}},"21":{"start":{"line":43,"column":12},"end":{"line":43,"column":null}},"22":{"start":{"line":44,"column":15},"end":{"line":46,"column":null}},"23":{"start":{"line":45,"column":12},"end":{"line":45,"column":null}},"24":{"start":{"line":50,"column":8},"end":{"line":52,"column":null}},"25":{"start":{"line":51,"column":12},"end":{"line":51,"column":null}},"26":{"start":{"line":54,"column":8},"end":{"line":54,"column":null}},"27":{"start":{"line":56,"column":8},"end":{"line":78,"column":null}},"28":{"start":{"line":57,"column":31},"end":{"line":63,"column":13}},"29":{"start":{"line":65,"column":27},"end":{"line":65,"column":63}},"30":{"start":{"line":67,"column":12},"end":{"line":67,"column":null}},"31":{"start":{"line":68,"column":12},"end":{"line":68,"column":null}},"32":{"start":{"line":71,"column":12},"end":{"line":71,"column":null}},"33":{"start":{"line":74,"column":12},"end":{"line":74,"column":null}},"34":{"start":{"line":75,"column":12},"end":{"line":75,"column":null}},"35":{"start":{"line":77,"column":12},"end":{"line":77,"column":null}},"36":{"start":{"line":82,"column":24},"end":{"line":84,"column":9}},"37":{"start":{"line":85,"column":8},"end":{"line":85,"column":null}},"38":{"start":{"line":89,"column":25},"end":{"line":96,"column":16}},"39":{"start":{"line":94,"column":12},"end":{"line":94,"column":null}},"40":{"start":{"line":95,"column":12},"end":{"line":95,"column":null}},"41":{"start":{"line":98,"column":8},"end":{"line":100,"column":null}},"42":{"start":{"line":99,"column":12},"end":{"line":99,"column":null}},"43":{"start":{"line":102,"column":8},"end":{"line":102,"column":null}},"44":{"start":{"line":106,"column":8},"end":{"line":106,"column":null}},"45":{"start":{"line":107,"column":8},"end":{"line":107,"column":null}},"46":{"start":{"line":108,"column":8},"end":{"line":108,"column":null}},"47":{"start":{"line":109,"column":8},"end":{"line":109,"column":null}},"48":{"start":{"line":113,"column":22},"end":{"line":117,"column":10}},"49":{"start":{"line":118,"column":8},"end":{"line":118,"column":null}},"50":{"start":{"line":120,"column":1},"end":{"line":15,"column":null}},"51":{"start":{"line":15,"column":24},"end":{"line":15,"column":null}},"52":{"start":{"line":15,"column":24},"end":{"line":8,"column":42}}},"fnMap":{"0":{"name":"_interopRequireDefault","decl":{"start":{"line":5,"column":66},"end":{"line":5,"column":null}},"loc":{"start":{"line":5,"column":66},"end":{"line":5,"column":null}}},"1":{"name":"(anonymous_2)","decl":{"start":{"line":8,"column":76},"end":{"line":8,"column":null}},"loc":{"start":{"line":8,"column":76},"end":{"line":16,"column":null}}},"2":{"name":"(anonymous_3)","decl":{"start":{"line":18,"column":4},"end":{"line":18,"column":8}},"loc":{"start":{"line":18,"column":30},"end":{"line":24,"column":null}}},"3":{"name":"(anonymous_4)","decl":{"start":{"line":26,"column":4},"end":{"line":26,"column":8}},"loc":{"start":{"line":26,"column":26},"end":{"line":32,"column":null}}},"4":{"name":"(anonymous_5)","decl":{"start":{"line":34,"column":4},"end":{"line":34,"column":21}},"loc":{"start":{"line":34,"column":29},"end":{"line":47,"column":null}}},"5":{"name":"(anonymous_6)","decl":{"start":{"line":49,"column":4},"end":{"line":49,"column":10}},"loc":{"start":{"line":49,"column":25},"end":{"line":79,"column":null}}},"6":{"name":"(anonymous_7)","decl":{"start":{"line":81,"column":4},"end":{"line":81,"column":25}},"loc":{"start":{"line":81,"column":28},"end":{"line":86,"column":null}}},"7":{"name":"(anonymous_8)","decl":{"start":{"line":88,"column":4},"end":{"line":88,"column":16}},"loc":{"start":{"line":88,"column":19},"end":{"line":103,"column":null}}},"8":{"name":"(anonymous_9)","decl":{"start":{"line":93,"column":17},"end":{"line":93,"column":18}},"loc":{"start":{"line":93,"column":43},"end":{"line":96,"column":9}}},"9":{"name":"(anonymous_10)","decl":{"start":{"line":105,"column":4},"end":{"line":105,"column":13}},"loc":{"start":{"line":105,"column":16},"end":{"line":110,"column":null}}},"10":{"name":"(anonymous_11)","decl":{"start":{"line":112,"column":4},"end":{"line":112,"column":13}},"loc":{"start":{"line":112,"column":39},"end":{"line":119,"column":5}}},"11":{"name":"(anonymous_12)","decl":{"start":{"line":15,"column":24},"end":{"line":15,"column":null}},"loc":{"start":{"line":15,"column":24},"end":{"line":15,"column":null}}}},"branchMap":{"0":{"loc":{"start":{"line":5,"column":66},"end":{"line":5,"column":null}},"type":"cond-expr","locations":[{"start":{"line":5,"column":66},"end":{"line":5,"column":null}},{"start":{"line":5,"column":66},"end":{"line":5,"column":null}}]},"1":{"loc":{"start":{"line":38,"column":8},"end":{"line":46,"column":null}},"type":"if","locations":[{"start":{"line":38,"column":8},"end":{"line":46,"column":null}},{"start":{"line":40,"column":15},"end":{"line":46,"column":null}}]},"2":{"loc":{"start":{"line":40,"column":15},"end":{"line":46,"column":null}},"type":"if","locations":[{"start":{"line":40,"column":15},"end":{"line":46,"column":null}},{"start":{"line":42,"column":15},"end":{"line":46,"column":null}}]},"3":{"loc":{"start":{"line":42,"column":15},"end":{"line":46,"column":null}},"type":"if","locations":[{"start":{"line":42,"column":15},"end":{"line":46,"column":null}},{"start":{"line":44,"column":15},"end":{"line":46,"column":null}}]},"4":{"loc":{"start":{"line":44,"column":15},"end":{"line":46,"column":null}},"type":"if","locations":[{"start":{"line":44,"column":15},"end":{"line":46,"column":null}}]},"5":{"loc":{"start":{"line":50,"column":8},"end":{"line":52,"column":null}},"type":"if","locations":[{"start":{"line":50,"column":8},"end":{"line":52,"column":null}}]},"6":{"loc":{"start":{"line":95,"column":19},"end":{"line":95,"column":57}},"type":"binary-expr","locations":[{"start":{"line":95,"column":19},"end":{"line":95,"column":29}},{"start":{"line":95,"column":33},"end":{"line":95,"column":57}}]},"7":{"loc":{"start":{"line":98,"column":8},"end":{"line":100,"column":null}},"type":"if","locations":[{"start":{"line":98,"column":8},"end":{"line":100,"column":null}}]}},"s":{"0":1,"1":1,"2":1,"3":1,"4":6,"5":17,"6":17,"7":17,"8":17,"9":17,"10":17,"11":17,"12":20,"13":20,"14":5,"15":5,"16":5,"17":2,"18":3,"19":0,"20":3,"21":0,"22":3,"23":3,"24":8,"25":8,"26":0,"27":0,"28":0,"29":0,"30":0,"31":0,"32":0,"33":0,"34":0,"35":0,"36":0,"37":0,"38":8,"39":32,"40":32,"41":8,"42":8,"43":8,"44":0,"45":0,"46":0,"47":0,"48":8,"49":8,"50":1,"51":17,"52":1},"f":{"0":1,"1":17,"2":20,"3":20,"4":5,"5":8,"6":0,"7":8,"8":32,"9":0,"10":8,"11":17},"b":{"0":[2,1],"1":[2,3],"2":[0,3],"3":[0,3],"4":[3],"5":[8],"6":[32,8],"7":[8]}}
,"/Users/apple/CascadeProjects/customer-feedback-management/force-app/main/default/lwc/feedbackInbox/feedbackInbox.js": {"path":"/Users/apple/CascadeProjects/customer-feedback-management/force-app/main/default/lwc/feedbackInbox/feedbackInbox.js","statementMap":{"0":{"start":{"line":1,"column":25},"end":{"line":1,"column":null}},"1":{"start":{"line":3,"column":0},"end":{"line":3,"column":90}},"2":{"start":{"line":3,"column":90},"end":{"line":3,"column":null}},"3":{"start":{"line":7,"column":60},"end":{"line":7,"column":null}},"4":{"start":{"line":7,"column":60},"end":{"line":8,"column":null}},"5":{"start":{"line":8,"column":26},"end":{"line":9,"column":null}},"6":{"start":{"line":9,"column":31},"end":{"line":10,"column":null}},"7":{"start":{"line":10,"column":30},"end":{"line":11,"column":null}},"8":{"start":{"line":11,"column":16},"end":{"line":12,"column":null}},"9":{"start":{"line":12,"column":22},"end":{"line":13,"column":null}},"10":{"start":{"line":13,"column":23},"end":{"line":16,"column":null}},"11":{"start":{"line":20,"column":8},"end":{"line":20,"column":null}},"12":{"start":{"line":21,"column":8},"end":{"line":30,"column":null}},"13":{"start":{"line":22,"column":12},"end":{"line":22,"column":null}},"14":{"start":{"line":23,"column":12},"end":{"line":23,"column":null}},"15":{"start":{"line":24,"column":12},"end":{"line":24,"column":null}},"16":{"start":{"line":25,"column":12},"end":{"line":25,"column":null}},"17":{"start":{"line":26,"column":15},"end":{"line":30,"column":null}},"18":{"start":{"line":27,"column":12},"end":{"line":27,"column":null}},"19":{"start":{"line":28,"column":12},"end":{"line":28,"column":null}},"20":{"start":{"line":29,"column":12},"end":{"line":29,"column":null}},"21":{"start":{"line":34,"column":8},"end":{"line":34,"column":null}},"22":{"start":{"line":38,"column":8},"end":{"line":38,"column":null}},"23":{"start":{"line":42,"column":8},"end":{"line":48,"column":null}},"24":{"start":{"line":43,"column":12},"end":{"line":47,"column":null}},"25":{"start":{"line":46,"column":29},"end":{"line":46,"column":null}},"26":{"start":{"line":52,"column":8},"end":{"line":55,"column":null}},"27":{"start":{"line":53,"column":12},"end":{"line":53,"column":null}},"28":{"start":{"line":54,"column":12},"end":{"line":54,"column":null}},"29":{"start":{"line":59,"column":8},"end":{"line":72,"column":null}},"30":{"start":{"line":60,"column":12},"end":{"line":60,"column":null}},"31":{"start":{"line":61,"column":15},"end":{"line":72,"column":null}},"32":{"start":{"line":63,"column":12},"end":{"line":63,"column":null}},"33":{"start":{"line":64,"column":15},"end":{"line":72,"column":null}},"34":{"start":{"line":66,"column":12},"end":{"line":71,"column":null}},"35":{"start":{"line":67,"column":16},"end":{"line":70,"column":null}},"36":{"start":{"line":77,"column":8},"end":{"line":79,"column":null}},"37":{"start":{"line":83,"column":8},"end":{"line":83,"column":null}},"38":{"start":{"line":85,"column":8},"end":{"line":87,"column":null}},"39":{"start":{"line":86,"column":12},"end":{"line":86,"column":null}},"40":{"start":{"line":91,"column":8},"end":{"line":91,"column":null}},"41":{"start":{"line":95,"column":8},"end":{"line":95,"column":null}},"42":{"start":{"line":99,"column":8},"end":{"line":100,"column":null}},"43":{"start":{"line":104,"column":8},"end":{"line":104,"column":null}},"44":{"start":{"line":106,"column":1},"end":{"line":18,"column":null}},"45":{"start":{"line":15,"column":24},"end":{"line":15,"column":null}},"46":{"start":{"line":18,"column":26},"end":{"line":18,"column":null}},"47":{"start":{"line":18,"column":40},"end":{"line":7,"column":43}}},"fnMap":{"0":{"name":"_interopRequireDefault","decl":{"start":{"line":3,"column":90},"end":{"line":3,"column":null}},"loc":{"start":{"line":3,"column":90},"end":{"line":3,"column":null}}},"1":{"name":"(anonymous_3)","decl":{"start":{"line":7,"column":60},"end":{"line":7,"column":null}},"loc":{"start":{"line":7,"column":60},"end":{"line":16,"column":null}}},"2":{"name":"(anonymous_4)","decl":{"start":{"line":19,"column":4},"end":{"line":19,"column":16}},"loc":{"start":{"line":19,"column":25},"end":{"line":31,"column":null}}},"3":{"name":"(anonymous_5)","decl":{"start":{"line":33,"column":4},"end":{"line":33,"column":21}},"loc":{"start":{"line":33,"column":24},"end":{"line":35,"column":null}}},"4":{"name":"(anonymous_6)","decl":{"start":{"line":37,"column":4},"end":{"line":37,"column":24}},"loc":{"start":{"line":37,"column":27},"end":{"line":39,"column":null}}},"5":{"name":"(anonymous_7)","decl":{"start":{"line":41,"column":4},"end":{"line":41,"column":29}},"loc":{"start":{"line":41,"column":32},"end":{"line":49,"column":null}}},"6":{"name":"(anonymous_8)","decl":{"start":{"line":46,"column":17},"end":{"line":46,"column":24}},"loc":{"start":{"line":46,"column":29},"end":{"line":46,"column":null}}},"7":{"name":"(anonymous_9)","decl":{"start":{"line":51,"column":4},"end":{"line":51,"column":31}},"loc":{"start":{"line":51,"column":34},"end":{"line":56,"column":null}}},"8":{"name":"(anonymous_10)","decl":{"start":{"line":58,"column":4},"end":{"line":58,"column":17}},"loc":{"start":{"line":58,"column":27},"end":{"line":73,"column":null}}},"9":{"name":"(anonymous_11)","decl":{"start":{"line":75,"column":4},"end":{"line":75,"column":27}},"loc":{"start":{"line":75,"column":30},"end":{"line":80,"column":null}}},"10":{"name":"(anonymous_12)","decl":{"start":{"line":82,"column":4},"end":{"line":82,"column":21}},"loc":{"start":{"line":82,"column":24},"end":{"line":88,"column":null}}},"11":{"name":"(anonymous_13)","decl":{"start":{"line":85,"column":19},"end":{"line":85,"column":25}},"loc":{"start":{"line":85,"column":25},"end":{"line":87,"column":9}}},"12":{"name":"(anonymous_14)","decl":{"start":{"line":90,"column":4},"end":{"line":90,"column":8}},"loc":{"start":{"line":90,"column":20},"end":{"line":92,"column":null}}},"13":{"name":"(anonymous_15)","decl":{"start":{"line":94,"column":4},"end":{"line":94,"column":8}},"loc":{"start":{"line":94,"column":21},"end":{"line":96,"column":null}}},"14":{"name":"(anonymous_16)","decl":{"start":{"line":98,"column":4},"end":{"line":98,"column":8}},"loc":{"start":{"line":98,"column":21},"end":{"line":101,"column":null}}},"15":{"name":"(anonymous_17)","decl":{"start":{"line":103,"column":4},"end":{"line":103,"column":8}},"loc":{"start":{"line":103,"column":31},"end":{"line":105,"column":5}}},"16":{"name":"(anonymous_18)","decl":{"start":{"line":15,"column":24},"end":{"line":15,"column":null}},"loc":{"start":{"line":15,"column":24},"end":{"line":15,"column":null}}},"17":{"name":"(anonymous_19)","decl":{"start":{"line":18,"column":26},"end":{"line":18,"column":30}},"loc":{"start":{"line":18,"column":26},"end":{"line":18,"column":null}}}},"branchMap":{"0":{"loc":{"start":{"line":3,"column":90},"end":{"line":3,"column":null}},"type":"cond-expr","locations":[{"start":{"line":3,"column":90},"end":{"line":3,"column":null}},{"start":{"line":3,"column":90},"end":{"line":3,"column":null}}]},"1":{"loc":{"start":{"line":21,"column":8},"end":{"line":30,"column":null}},"type":"if","locations":[{"start":{"line":21,"column":8},"end":{"line":30,"column":null}},{"start":{"line":26,"column":15},"end":{"line":30,"column":null}}]},"2":{"loc":{"start":{"line":21,"column":12},"end":{"line":21,"column":47}},"type":"binary-expr","locations":[{"start":{"line":21,"column":12},"end":{"line":21,"column":23}},{"start":{"line":21,"column":27},"end":{"line":21,"column":47}}]},"3":{"loc":{"start":{"line":23,"column":34},"end":{"line":23,"column":66}},"type":"binary-expr","locations":[{"start":{"line":23,"column":34},"end":{"line":23,"column":60}},{"start":{"line":23,"column":64},"end":{"line":23,"column":66}}]},"4":{"loc":{"start":{"line":26,"column":15},"end":{"line":30,"column":null}},"type":"if","locations":[{"start":{"line":26,"column":15},"end":{"line":30,"column":null}}]},"5":{"loc":{"start":{"line":42,"column":8},"end":{"line":48,"column":null}},"type":"if","locations":[{"start":{"line":42,"column":8},"end":{"line":48,"column":null}}]},"6":{"loc":{"start":{"line":52,"column":8},"end":{"line":55,"column":null}},"type":"if","locations":[{"start":{"line":52,"column":8},"end":{"line":55,"column":null}}]},"7":{"loc":{"start":{"line":59,"column":8},"end":{"line":72,"column":null}},"type":"if","locations":[{"start":{"line":59,"column":8},"end":{"line":72,"column":null}},{"start":{"line":61,"column":15},"end":{"line":72,"column":null}}]},"8":{"loc":{"start":{"line":59,"column":12},"end":{"line":59,"column":81}},"type":"binary-expr","locations":[{"start":{"line":59,"column":12},"end":{"line":59,"column":41}},{"start":{"line":59,"column":45},"end":{"line":59,"column":81}}]},"9":{"loc":{"start":{"line":61,"column":15},"end":{"line":72,"column":null}},"type":"if","locations":[{"start":{"line":61,"column":15},"end":{"line":72,"column":null}},{"start":{"line":64,"column":15},"end":{"line":72,"column":null}}]},"10":{"loc":{"start":{"line":64,"column":15},"end":{"line":72,"column":null}},"type":"if","locations":[{"start":{"line":64,"column":15},"end":{"line":72,"column":null}}]},"11":{"loc":{"start":{"line":66,"column":12},"end":{"line":71,"column":null}},"type":"if","locations":[{"start":{"line":66,"column":12},"end":{"line":71,"column":null}}]},"12":{"loc":{"start":{"line":95,"column":15},"end":{"line":95,"column":68}},"type":"binary-expr","locations":[{"start":{"line":95,"column":15},"end":{"line":95,"column":34}},{"start":{"line":95,"column":38},"end":{"line":95,"column":68}}]},"13":{"loc":{"start":{"line":99,"column":15},"end":{"line":100,"column":63}},"type":"cond-expr","locations":[{"start":{"line":100,"column":15},"end":{"line":100,"column":47}},{"start":{"line":100,"column":50},"end":{"line":100,"column":63}}]},"14":{"loc":{"start":{"line":99,"column":15},"end":{"line":99,"column":64}},"type":"binary-expr","locations":[{"start":{"line":99,"column":15},"end":{"line":99,"column":33}},{"start":{"line":99,"column":37},"end":{"line":99,"column":64}}]}},"s":{"0":0,"1":0,"2":0,"3":0,"4":0,"5":0,"6":0,"7":0,"8":0,"9":0,"10":0,"11":0,"12":0,"13":0,"14":0,"15":0,"16":0,"17":0,"18":0,"19":0,"20":0,"21":0,"22":0,"23":0,"24":0,"25":0,"26":0,"27":0,"28":0,"29":0,"30":0,"31":0,"32":0,"33":0,"34":0,"35":0,"36":0,"37":0,"38":0,"39":0,"40":0,"41":0,"42":0,"43":0,"44":0,"45":0,"46":0,"47":0},"f":{"0":0,"1":0,"2":0,"3":0,"4":0,"5":0,"6":0,"7":0,"8":0,"9":0,"10":0,"11":0,"12":0,"13":0,"14":0,"15":0,"16":0,"17":0},"b":{"0":[0,0],"1":[0,0],"2":[0,0],"3":[0,0],"4":[0],"5":[0],"6":[0],"7":[0,0],"8":[0,0],"9":[0,0],"10":[0],"11":[0],"12":[0,0],"13":[0,0],"14":[0,0]}}
,"/Users/apple/CascadeProjects/customer-feedback-management/force-app/main/default/lwc/statusManager/statusManager.js": {"path":"/Users/apple/CascadeProjects/customer-feedback-management/force-app/main/default/lwc/statusManager/statusManager.js","statementMap":{"0":{"start":{"line":1,"column":25},"end":{"line":1,"column":null}},"1":{"start":{"line":5,"column":0},"end":{"line":5,"column":null}},"2":{"start":{"line":7,"column":0},"end":{"line":7,"column":66}},"3":{"start":{"line":7,"column":66},"end":{"line":7,"column":null}},"4":{"start":{"line":10,"column":60},"end":{"line":10,"column":null}},"5":{"start":{"line":10,"column":60},"end":{"line":11,"column":null}},"6":{"start":{"line":11,"column":23},"end":{"line":12,"column":null}},"7":{"start":{"line":12,"column":29},"end":{"line":13,"column":null}},"8":{"start":{"line":13,"column":36},"end":{"line":14,"column":null}},"9":{"start":{"line":14,"column":28},"end":{"line":15,"column":null}},"10":{"start":{"line":15,"column":34},"end":{"line":16,"column":null}},"11":{"start":{"line":16,"column":25},"end":{"line":17,"column":null}},"12":{"start":{"line":17,"column":33},"end":{"line":18,"column":null}},"13":{"start":{"line":18,"column":23},"end":{"line":21,"column":null}},"14":{"start":{"line":25,"column":8},"end":{"line":25,"column":null}},"15":{"start":{"line":26,"column":8},"end":{"line":32,"column":null}},"16":{"start":{"line":27,"column":12},"end":{"line":27,"column":null}},"17":{"start":{"line":29,"column":12},"end":{"line":31,"column":null}},"18":{"start":{"line":30,"column":16},"end":{"line":30,"column":null}},"19":{"start":{"line":36,"column":8},"end":{"line":39,"column":null}},"20":{"start":{"line":36,"column":50},"end":{"line":39,"column":9}},"21":{"start":{"line":43,"column":8},"end":{"line":45,"column":null}},"22":{"start":{"line":44,"column":12},"end":{"line":44,"column":null}},"23":{"start":{"line":46,"column":8},"end":{"line":46,"column":null}},"24":{"start":{"line":46,"column":43},"end":{"line":46,"column":75}},"25":{"start":{"line":50,"column":8},"end":{"line":55,"column":null}},"26":{"start":{"line":59,"column":8},"end":{"line":59,"column":null}},"27":{"start":{"line":63,"column":24},"end":{"line":63,"column":42}},"28":{"start":{"line":64,"column":28},"end":{"line":69,"column":9}},"29":{"start":{"line":70,"column":8},"end":{"line":70,"column":null}},"30":{"start":{"line":74,"column":8},"end":{"line":76,"column":null}},"31":{"start":{"line":75,"column":12},"end":{"line":75,"column":null}},"32":{"start":{"line":80,"column":30},"end":{"line":85,"column":9}},"33":{"start":{"line":86,"column":8},"end":{"line":86,"column":null}},"34":{"start":{"line":90,"column":8},"end":{"line":90,"column":null}},"35":{"start":{"line":90,"column":53},"end":{"line":90,"column":null}},"36":{"start":{"line":91,"column":29},"end":{"line":91,"column":76}},"37":{"start":{"line":92,"column":20},"end":{"line":92,"column":30}},"38":{"start":{"line":93,"column":25},"end":{"line":93,"column":53}},"39":{"start":{"line":94,"column":8},"end":{"line":94,"column":null}},"40":{"start":{"line":98,"column":8},"end":{"line":98,"column":null}},"41":{"start":{"line":102,"column":8},"end":{"line":102,"column":null}},"42":{"start":{"line":106,"column":8},"end":{"line":106,"column":null}},"43":{"start":{"line":107,"column":8},"end":{"line":107,"column":28}},"44":{"start":{"line":110,"column":8},"end":{"line":110,"column":null}},"45":{"start":{"line":114,"column":8},"end":{"line":114,"column":null}},"46":{"start":{"line":118,"column":8},"end":{"line":121,"column":null}},"47":{"start":{"line":119,"column":12},"end":{"line":119,"column":null}},"48":{"start":{"line":120,"column":12},"end":{"line":120,"column":null}},"49":{"start":{"line":123,"column":8},"end":{"line":123,"column":null}},"50":{"start":{"line":125,"column":8},"end":{"line":144,"column":null}},"51":{"start":{"line":126,"column":12},"end":{"line":129,"column":null}},"52":{"start":{"line":131,"column":12},"end":{"line":131,"column":null}},"53":{"start":{"line":132,"column":12},"end":{"line":132,"column":null}},"54":{"start":{"line":135,"column":12},"end":{"line":135,"column":null}},"55":{"start":{"line":138,"column":12},"end":{"line":141,"column":null}},"56":{"start":{"line":143,"column":12},"end":{"line":143,"column":null}},"57":{"start":{"line":148,"column":26},"end":{"line":148,"column":44}},"58":{"start":{"line":150,"column":8},"end":{"line":153,"column":null}},"59":{"start":{"line":151,"column":12},"end":{"line":151,"column":null}},"60":{"start":{"line":152,"column":12},"end":{"line":152,"column":null}},"61":{"start":{"line":155,"column":8},"end":{"line":158,"column":null}},"62":{"start":{"line":156,"column":12},"end":{"line":156,"column":null}},"63":{"start":{"line":157,"column":12},"end":{"line":157,"column":null}},"64":{"start":{"line":160,"column":8},"end":{"line":160,"column":null}},"65":{"start":{"line":162,"column":8},"end":{"line":195,"column":null}},"66":{"start":{"line":163,"column":12},"end":{"line":166,"column":null}},"67":{"start":{"line":168,"column":12},"end":{"line":171,"column":null}},"68":{"start":{"line":174,"column":12},"end":{"line":174,"column":null}},"69":{"start":{"line":177,"column":12},"end":{"line":177,"column":null}},"70":{"start":{"line":180,"column":12},"end":{"line":186,"column":null}},"71":{"start":{"line":189,"column":12},"end":{"line":192,"column":null}},"72":{"start":{"line":194,"column":12},"end":{"line":194,"column":null}},"73":{"start":{"line":199,"column":24},"end":{"line":203,"column":9}},"74":{"start":{"line":204,"column":8},"end":{"line":204,"column":null}},"75":{"start":{"line":208,"column":24},"end":{"line":211,"column":9}},"76":{"start":{"line":212,"column":8},"end":{"line":212,"column":null}},"77":{"start":{"line":216,"column":24},"end":{"line":219,"column":9}},"78":{"start":{"line":220,"column":8},"end":{"line":220,"column":null}},"79":{"start":{"line":224,"column":8},"end":{"line":224,"column":null}},"80":{"start":{"line":228,"column":8},"end":{"line":232,"column":null}},"81":{"start":{"line":234,"column":1},"end":{"line":23,"column":null}},"82":{"start":{"line":20,"column":24},"end":{"line":20,"column":null}},"83":{"start":{"line":23,"column":24},"end":{"line":23,"column":null}},"84":{"start":{"line":23,"column":24},"end":{"line":10,"column":43}}},"fnMap":{"0":{"name":"_interopRequireDefault","decl":{"start":{"line":7,"column":66},"end":{"line":7,"column":null}},"loc":{"start":{"line":7,"column":66},"end":{"line":7,"column":null}}},"1":{"name":"(anonymous_5)","decl":{"start":{"line":10,"column":60},"end":{"line":10,"column":null}},"loc":{"start":{"line":10,"column":60},"end":{"line":21,"column":null}}},"2":{"name":"(anonymous_6)","decl":{"start":{"line":24,"column":4},"end":{"line":24,"column":17}},"loc":{"start":{"line":24,"column":26},"end":{"line":33,"column":null}}},"3":{"name":"(anonymous_7)","decl":{"start":{"line":35,"column":4},"end":{"line":35,"column":8}},"loc":{"start":{"line":35,"column":26},"end":{"line":40,"column":null}}},"4":{"name":"(anonymous_8)","decl":{"start":{"line":36,"column":37},"end":{"line":36,"column":45}},"loc":{"start":{"line":36,"column":50},"end":{"line":39,"column":9}}},"5":{"name":"(anonymous_9)","decl":{"start":{"line":42,"column":4},"end":{"line":42,"column":8}},"loc":{"start":{"line":42,"column":26},"end":{"line":47,"column":null}}},"6":{"name":"(anonymous_10)","decl":{"start":{"line":46,"column":38},"end":{"line":46,"column":39}},"loc":{"start":{"line":46,"column":43},"end":{"line":46,"column":75}}},"7":{"name":"(anonymous_11)","decl":{"start":{"line":49,"column":4},"end":{"line":49,"column":8}},"loc":{"start":{"line":49,"column":24},"end":{"line":56,"column":null}}},"8":{"name":"(anonymous_12)","decl":{"start":{"line":58,"column":4},"end":{"line":58,"column":8}},"loc":{"start":{"line":58,"column":24},"end":{"line":60,"column":null}}},"9":{"name":"(anonymous_13)","decl":{"start":{"line":62,"column":4},"end":{"line":62,"column":8}},"loc":{"start":{"line":62,"column":26},"end":{"line":71,"column":null}}},"10":{"name":"(anonymous_14)","decl":{"start":{"line":73,"column":4},"end":{"line":73,"column":8}},"loc":{"start":{"line":73,"column":33},"end":{"line":77,"column":null}}},"11":{"name":"(anonymous_15)","decl":{"start":{"line":74,"column":41},"end":{"line":74,"column":47}},"loc":{"start":{"line":75,"column":12},"end":{"line":75,"column":null}}},"12":{"name":"(anonymous_16)","decl":{"start":{"line":79,"column":4},"end":{"line":79,"column":8}},"loc":{"start":{"line":79,"column":22},"end":{"line":87,"column":null}}},"13":{"name":"(anonymous_17)","decl":{"start":{"line":89,"column":4},"end":{"line":89,"column":8}},"loc":{"start":{"line":89,"column":30},"end":{"line":95,"column":null}}},"14":{"name":"(anonymous_18)","decl":{"start":{"line":97,"column":4},"end":{"line":97,"column":8}},"loc":{"start":{"line":97,"column":30},"end":{"line":99,"column":null}}},"15":{"name":"(anonymous_19)","decl":{"start":{"line":101,"column":4},"end":{"line":101,"column":8}},"loc":{"start":{"line":101,"column":23},"end":{"line":103,"column":null}}},"16":{"name":"(anonymous_20)","decl":{"start":{"line":105,"column":4},"end":{"line":105,"column":27}},"loc":{"start":{"line":105,"column":35},"end":{"line":111,"column":null}}},"17":{"name":"(anonymous_21)","decl":{"start":{"line":113,"column":4},"end":{"line":113,"column":21}},"loc":{"start":{"line":113,"column":29},"end":{"line":115,"column":null}}},"18":{"name":"(anonymous_22)","decl":{"start":{"line":117,"column":4},"end":{"line":117,"column":10}},"loc":{"start":{"line":117,"column":23},"end":{"line":145,"column":null}}},"19":{"name":"(anonymous_23)","decl":{"start":{"line":147,"column":4},"end":{"line":147,"column":10}},"loc":{"start":{"line":147,"column":36},"end":{"line":196,"column":null}}},"20":{"name":"(anonymous_24)","decl":{"start":{"line":198,"column":4},"end":{"line":198,"column":23}},"loc":{"start":{"line":198,"column":35},"end":{"line":205,"column":null}}},"21":{"name":"(anonymous_25)","decl":{"start":{"line":207,"column":4},"end":{"line":207,"column":21}},"loc":{"start":{"line":207,"column":24},"end":{"line":213,"column":null}}},"22":{"name":"(anonymous_26)","decl":{"start":{"line":215,"column":4},"end":{"line":215,"column":27}},"loc":{"start":{"line":215,"column":30},"end":{"line":221,"column":null}}},"23":{"name":"(anonymous_27)","decl":{"start":{"line":223,"column":4},"end":{"line":223,"column":23}},"loc":{"start":{"line":223,"column":26},"end":{"line":225,"column":null}}},"24":{"name":"(anonymous_28)","decl":{"start":{"line":227,"column":4},"end":{"line":227,"column":13}},"loc":{"start":{"line":227,"column":39},"end":{"line":233,"column":5}}},"25":{"name":"(anonymous_29)","decl":{"start":{"line":20,"column":24},"end":{"line":20,"column":null}},"loc":{"start":{"line":20,"column":24},"end":{"line":20,"column":null}}},"26":{"name":"(anonymous_30)","decl":{"start":{"line":23,"column":24},"end":{"line":23,"column":null}},"loc":{"start":{"line":23,"column":24},"end":{"line":23,"column":null}}}},"branchMap":{"0":{"loc":{"start":{"line":7,"column":66},"end":{"line":7,"column":null}},"type":"cond-expr","locations":[{"start":{"line":7,"column":66},"end":{"line":7,"column":null}},{"start":{"line":7,"column":66},"end":{"line":7,"column":null}}]},"1":{"loc":{"start":{"line":26,"column":8},"end":{"line":32,"column":null}},"type":"if","locations":[{"start":{"line":26,"column":8},"end":{"line":32,"column":null}}]},"2":{"loc":{"start":{"line":29,"column":12},"end":{"line":31,"column":null}},"type":"if","locations":[{"start":{"line":29,"column":12},"end":{"line":31,"column":null}}]},"3":{"loc":{"start":{"line":29,"column":16},"end":{"line":29,"column":66}},"type":"binary-expr","locations":[{"start":{"line":29,"column":16},"end":{"line":29,"column":40}},{"start":{"line":29,"column":44},"end":{"line":29,"column":66}}]},"4":{"loc":{"start":{"line":37,"column":41},"end":{"line":37,"column":102}},"type":"binary-expr","locations":[{"start":{"line":37,"column":41},"end":{"line":37,"column":82}},{"start":{"line":37,"column":86},"end":{"line":37,"column":102}}]},"5":{"loc":{"start":{"line":43,"column":8},"end":{"line":45,"column":null}},"type":"if","locations":[{"start":{"line":43,"column":8},"end":{"line":45,"column":null}}]},"6":{"loc":{"start":{"line":46,"column":15},"end":{"line":46,"column":82}},"type":"binary-expr","locations":[{"start":{"line":46,"column":15},"end":{"line":46,"column":76}},{"start":{"line":46,"column":80},"end":{"line":46,"column":82}}]},"7":{"loc":{"start":{"line":59,"column":15},"end":{"line":59,"column":55}},"type":"binary-expr","locations":[{"start":{"line":59,"column":15},"end":{"line":59,"column":46}},{"start":{"line":59,"column":50},"end":{"line":59,"column":55}}]},"8":{"loc":{"start":{"line":70,"column":15},"end":{"line":70,"column":41}},"type":"binary-expr","locations":[{"start":{"line":70,"column":15},"end":{"line":70,"column":35}},{"start":{"line":70,"column":39},"end":{"line":70,"column":41}}]},"9":{"loc":{"start":{"line":86,"column":33},"end":{"line":86,"column":72}},"type":"binary-expr","locations":[{"start":{"line":86,"column":33},"end":{"line":86,"column":66}},{"start":{"line":86,"column":70},"end":{"line":86,"column":72}}]},"10":{"loc":{"start":{"line":90,"column":8},"end":{"line":90,"column":null}},"type":"if","locations":[{"start":{"line":90,"column":8},"end":{"line":90,"column":null}}]},"11":{"loc":{"start":{"line":98,"column":15},"end":{"line":98,"column":62}},"type":"binary-expr","locations":[{"start":{"line":98,"column":15},"end":{"line":98,"column":35}},{"start":{"line":98,"column":39},"end":{"line":98,"column":62}}]},"12":{"loc":{"start":{"line":102,"column":15},"end":{"line":102,"column":75}},"type":"binary-expr","locations":[{"start":{"line":102,"column":15},"end":{"line":102,"column":39}},{"start":{"line":102,"column":43},"end":{"line":102,"column":75}}]},"13":{"loc":{"start":{"line":118,"column":8},"end":{"line":121,"column":null}},"type":"if","locations":[{"start":{"line":118,"column":8},"end":{"line":121,"column":null}}]},"14":{"loc":{"start":{"line":139,"column":41},"end":{"line":139,"column":77}},"type":"binary-expr","locations":[{"start":{"line":139,"column":41},"end":{"line":139,"column":60}},{"start":{"line":139,"column":64},"end":{"line":139,"column":77}}]},"15":{"loc":{"start":{"line":150,"column":8},"end":{"line":153,"column":null}},"type":"if","locations":[{"start":{"line":150,"column":8},"end":{"line":153,"column":null}}]},"16":{"loc":{"start":{"line":155,"column":8},"end":{"line":158,"column":null}},"type":"if","locations":[{"start":{"line":155,"column":8},"end":{"line":158,"column":null}}]},"17":{"loc":{"start":{"line":190,"column":44},"end":{"line":190,"column":80}},"type":"binary-expr","locations":[{"start":{"line":190,"column":44},"end":{"line":190,"column":63}},{"start":{"line":190,"column":67},"end":{"line":190,"column":80}}]}},"s":{"0":0,"1":0,"2":0,"3":0,"4":0,"5":0,"6":0,"7":0,"8":0,"9":0,"10":0,"11":0,"12":0,"13":0,"14":0,"15":0,"16":0,"17":0,"18":0,"19":0,"20":0,"21":0,"22":0,"23":0,"24":0,"25":0,"26":0,"27":0,"28":0,"29":0,"30":0,"31":0,"32":0,"33":0,"34":0,"35":0,"36":0,"37":0,"38":0,"39":0,"40":0,"41":0,"42":0,"43":0,"44":0,"45":0,"46":0,"47":0,"48":0,"49":0,"50":0,"51":0,"52":0,"53":0,"54":0,"55":0,"56":0,"57":0,"58":0,"59":0,"60":0,"61":0,"62":0,"63":0,"64":0,"65":0,"66":0,"67":0,"68":0,"69":0,"70":0,"71":0,"72":0,"73":0,"74":0,"75":0,"76":0,"77":0,"78":0,"79":0,"80":0,"81":0,"82":0,"83":0,"84":0},"f":{"0":0,"1":0,"2":0,"3":0,"4":0,"5":0,"6":0,"7":0,"8":0,"9":0,"10":0,"11":0,"12":0,"13":0,"14":0,"15":0,"16":0,"17":0,"18":0,"19":0,"20":0,"21":0,"22":0,"23":0,"24":0,"25":0,"26":0},"b":{"0":[0,0],"1":[0],"2":[0],"3":[0,0],"4":[0,0],"5":[0],"6":[0,0],"7":[0,0],"8":[0,0],"9":[0,0],"10":[0],"11":[0,0],"12":[0,0],"13":[0],"14":[0,0],"15":[0],"16":[0],"17":[0,0]}}
,"/Users/apple/CascadeProjects/customer-feedback-management/force-app/main/default/lwc/ticketHistory/ticketHistory.js": {"path":"/Users/apple/CascadeProjects/customer-feedback-management/force-app/main/default/lwc/ticketHistory/ticketHistory.js","statementMap":{"0":{"start":{"line":1,"column":25},"end":{"line":1,"column":null}},"1":{"start":{"line":3,"column":0},"end":{"line":3,"column":90}},"2":{"start":{"line":3,"column":90},"end":{"line":3,"column":null}},"3":{"start":{"line":7,"column":60},"end":{"line":7,"column":null}},"4":{"start":{"line":7,"column":60},"end":{"line":8,"column":null}},"5":{"start":{"line":8,"column":26},"end":{"line":9,"column":null}},"6":{"start":{"line":9,"column":31},"end":{"line":10,"column":null}},"7":{"start":{"line":10,"column":30},"end":{"line":11,"column":null}},"8":{"start":{"line":11,"column":16},"end":{"line":12,"column":null}},"9":{"start":{"line":12,"column":22},"end":{"line":13,"column":null}},"10":{"start":{"line":13,"column":23},"end":{"line":16,"column":null}},"11":{"start":{"line":20,"column":8},"end":{"line":20,"column":null}},"12":{"start":{"line":21,"column":8},"end":{"line":30,"column":null}},"13":{"start":{"line":22,"column":12},"end":{"line":22,"column":null}},"14":{"start":{"line":23,"column":12},"end":{"line":23,"column":null}},"15":{"start":{"line":24,"column":12},"end":{"line":24,"column":null}},"16":{"start":{"line":25,"column":12},"end":{"line":25,"column":null}},"17":{"start":{"line":26,"column":15},"end":{"line":30,"column":null}},"18":{"start":{"line":27,"column":12},"end":{"line":27,"column":null}},"19":{"start":{"line":28,"column":12},"end":{"line":28,"column":null}},"20":{"start":{"line":29,"column":12},"end":{"line":29,"column":null}},"21":{"start":{"line":34,"column":8},"end":{"line":34,"column":null}},"22":{"start":{"line":36,"column":8},"end":{"line":38,"column":null}},"23":{"start":{"line":37,"column":12},"end":{"line":37,"column":null}},"24":{"start":{"line":42,"column":8},"end":{"line":42,"column":null}},"25":{"start":{"line":46,"column":8},"end":{"line":52,"column":null}},"26":{"start":{"line":47,"column":12},"end":{"line":51,"column":null}},"27":{"start":{"line":50,"column":29},"end":{"line":50,"column":null}},"28":{"start":{"line":56,"column":8},"end":{"line":59,"column":null}},"29":{"start":{"line":57,"column":12},"end":{"line":57,"column":null}},"30":{"start":{"line":58,"column":12},"end":{"line":58,"column":null}},"31":{"start":{"line":63,"column":8},"end":{"line":76,"column":null}},"32":{"start":{"line":64,"column":12},"end":{"line":64,"column":null}},"33":{"start":{"line":65,"column":15},"end":{"line":76,"column":null}},"34":{"start":{"line":67,"column":12},"end":{"line":67,"column":null}},"35":{"start":{"line":68,"column":15},"end":{"line":76,"column":null}},"36":{"start":{"line":70,"column":12},"end":{"line":75,"column":null}},"37":{"start":{"line":71,"column":16},"end":{"line":74,"column":null}},"38":{"start":{"line":81,"column":8},"end":{"line":83,"column":null}},"39":{"start":{"line":87,"column":8},"end":{"line":87,"column":null}},"40":{"start":{"line":91,"column":8},"end":{"line":91,"column":null}},"41":{"start":{"line":95,"column":8},"end":{"line":96,"column":null}},"42":{"start":{"line":100,"column":8},"end":{"line":100,"column":null}},"43":{"start":{"line":102,"column":1},"end":{"line":18,"column":null}},"44":{"start":{"line":15,"column":24},"end":{"line":15,"column":null}},"45":{"start":{"line":18,"column":26},"end":{"line":18,"column":null}},"46":{"start":{"line":18,"column":40},"end":{"line":7,"column":43}}},"fnMap":{"0":{"name":"_interopRequireDefault","decl":{"start":{"line":3,"column":90},"end":{"line":3,"column":null}},"loc":{"start":{"line":3,"column":90},"end":{"line":3,"column":null}}},"1":{"name":"(anonymous_3)","decl":{"start":{"line":7,"column":60},"end":{"line":7,"column":null}},"loc":{"start":{"line":7,"column":60},"end":{"line":16,"column":null}}},"2":{"name":"(anonymous_4)","decl":{"start":{"line":19,"column":4},"end":{"line":19,"column":16}},"loc":{"start":{"line":19,"column":25},"end":{"line":31,"column":null}}},"3":{"name":"(anonymous_5)","decl":{"start":{"line":33,"column":4},"end":{"line":33,"column":21}},"loc":{"start":{"line":33,"column":24},"end":{"line":39,"column":null}}},"4":{"name":"(anonymous_6)","decl":{"start":{"line":36,"column":19},"end":{"line":36,"column":25}},"loc":{"start":{"line":36,"column":25},"end":{"line":38,"column":9}}},"5":{"name":"(anonymous_7)","decl":{"start":{"line":41,"column":4},"end":{"line":41,"column":24}},"loc":{"start":{"line":41,"column":27},"end":{"line":43,"column":null}}},"6":{"name":"(anonymous_8)","decl":{"start":{"line":45,"column":4},"end":{"line":45,"column":29}},"loc":{"start":{"line":45,"column":32},"end":{"line":53,"column":null}}},"7":{"name":"(anonymous_9)","decl":{"start":{"line":50,"column":17},"end":{"line":50,"column":24}},"loc":{"start":{"line":50,"column":29},"end":{"line":50,"column":null}}},"8":{"name":"(anonymous_10)","decl":{"start":{"line":55,"column":4},"end":{"line":55,"column":31}},"loc":{"start":{"line":55,"column":34},"end":{"line":60,"column":null}}},"9":{"name":"(anonymous_11)","decl":{"start":{"line":62,"column":4},"end":{"line":62,"column":17}},"loc":{"start":{"line":62,"column":27},"end":{"line":77,"column":null}}},"10":{"name":"(anonymous_12)","decl":{"start":{"line":79,"column":4},"end":{"line":79,"column":27}},"loc":{"start":{"line":79,"column":30},"end":{"line":84,"column":null}}},"11":{"name":"(anonymous_13)","decl":{"start":{"line":86,"column":4},"end":{"line":86,"column":8}},"loc":{"start":{"line":86,"column":22},"end":{"line":88,"column":null}}},"12":{"name":"(anonymous_14)","decl":{"start":{"line":90,"column":4},"end":{"line":90,"column":8}},"loc":{"start":{"line":90,"column":21},"end":{"line":92,"column":null}}},"13":{"name":"(anonymous_15)","decl":{"start":{"line":94,"column":4},"end":{"line":94,"column":8}},"loc":{"start":{"line":94,"column":21},"end":{"line":97,"column":null}}},"14":{"name":"(anonymous_16)","decl":{"start":{"line":99,"column":4},"end":{"line":99,"column":8}},"loc":{"start":{"line":99,"column":31},"end":{"line":101,"column":5}}},"15":{"name":"(anonymous_17)","decl":{"start":{"line":15,"column":24},"end":{"line":15,"column":null}},"loc":{"start":{"line":15,"column":24},"end":{"line":15,"column":null}}},"16":{"name":"(anonymous_18)","decl":{"start":{"line":18,"column":26},"end":{"line":18,"column":30}},"loc":{"start":{"line":18,"column":26},"end":{"line":18,"column":null}}}},"branchMap":{"0":{"loc":{"start":{"line":3,"column":90},"end":{"line":3,"column":null}},"type":"cond-expr","locations":[{"start":{"line":3,"column":90},"end":{"line":3,"column":null}},{"start":{"line":3,"column":90},"end":{"line":3,"column":null}}]},"1":{"loc":{"start":{"line":21,"column":8},"end":{"line":30,"column":null}},"type":"if","locations":[{"start":{"line":21,"column":8},"end":{"line":30,"column":null}},{"start":{"line":26,"column":15},"end":{"line":30,"column":null}}]},"2":{"loc":{"start":{"line":21,"column":12},"end":{"line":21,"column":47}},"type":"binary-expr","locations":[{"start":{"line":21,"column":12},"end":{"line":21,"column":23}},{"start":{"line":21,"column":27},"end":{"line":21,"column":47}}]},"3":{"loc":{"start":{"line":23,"column":34},"end":{"line":23,"column":66}},"type":"binary-expr","locations":[{"start":{"line":23,"column":34},"end":{"line":23,"column":60}},{"start":{"line":23,"column":64},"end":{"line":23,"column":66}}]},"4":{"loc":{"start":{"line":26,"column":15},"end":{"line":30,"column":null}},"type":"if","locations":[{"start":{"line":26,"column":15},"end":{"line":30,"column":null}}]},"5":{"loc":{"start":{"line":46,"column":8},"end":{"line":52,"column":null}},"type":"if","locations":[{"start":{"line":46,"column":8},"end":{"line":52,"column":null}}]},"6":{"loc":{"start":{"line":56,"column":8},"end":{"line":59,"column":null}},"type":"if","locations":[{"start":{"line":56,"column":8},"end":{"line":59,"column":null}}]},"7":{"loc":{"start":{"line":63,"column":8},"end":{"line":76,"column":null}},"type":"if","locations":[{"start":{"line":63,"column":8},"end":{"line":76,"column":null}},{"start":{"line":65,"column":15},"end":{"line":76,"column":null}}]},"8":{"loc":{"start":{"line":63,"column":12},"end":{"line":63,"column":81}},"type":"binary-expr","locations":[{"start":{"line":63,"column":12},"end":{"line":63,"column":41}},{"start":{"line":63,"column":45},"end":{"line":63,"column":81}}]},"9":{"loc":{"start":{"line":65,"column":15},"end":{"line":76,"column":null}},"type":"if","locations":[{"start":{"line":65,"column":15},"end":{"line":76,"column":null}},{"start":{"line":68,"column":15},"end":{"line":76,"column":null}}]},"10":{"loc":{"start":{"line":68,"column":15},"end":{"line":76,"column":null}},"type":"if","locations":[{"start":{"line":68,"column":15},"end":{"line":76,"column":null}}]},"11":{"loc":{"start":{"line":70,"column":12},"end":{"line":75,"column":null}},"type":"if","locations":[{"start":{"line":70,"column":12},"end":{"line":75,"column":null}}]},"12":{"loc":{"start":{"line":91,"column":15},"end":{"line":91,"column":68}},"type":"binary-expr","locations":[{"start":{"line":91,"column":15},"end":{"line":91,"column":34}},{"start":{"line":91,"column":38},"end":{"line":91,"column":68}}]},"13":{"loc":{"start":{"line":95,"column":15},"end":{"line":96,"column":63}},"type":"cond-expr","locations":[{"start":{"line":96,"column":15},"end":{"line":96,"column":47}},{"start":{"line":96,"column":50},"end":{"line":96,"column":63}}]},"14":{"loc":{"start":{"line":95,"column":15},"end":{"line":95,"column":64}},"type":"binary-expr","locations":[{"start":{"line":95,"column":15},"end":{"line":95,"column":33}},{"start":{"line":95,"column":37},"end":{"line":95,"column":64}}]}},"s":{"0":1,"1":1,"2":10,"3":20,"4":20,"5":20,"6":20,"7":20,"8":20,"9":20,"10":20,"11":24,"12":24,"13":2,"14":2,"15":2,"16":2,"17":22,"18":1,"19":1,"20":1,"21":20,"22":20,"23":10,"24":20,"25":20,"26":20,"27":0,"28":20,"29":17,"30":17,"31":0,"32":0,"33":0,"34":0,"35":0,"36":0,"37":0,"38":10,"39":100,"40":0,"41":0,"42":0,"43":1,"44":20,"45":20,"46":1},"f":{"0":2,"1":20,"2":24,"3":20,"4":10,"5":20,"6":20,"7":0,"8":20,"9":0,"10":10,"11":100,"12":0,"13":0,"14":0,"15":20,"16":20},"b":{"0":[3,2],"1":[2,22],"2":[24,2],"3":[2,1],"4":[1],"5":[20],"6":[17],"7":[0,0],"8":[0,0],"9":[0,0],"10":[0],"11":[0],"12":[0,0],"13":[0,0],"14":[0,0]}}
}
