TN:
SF:force-app/main/default/lwc/feedbackForm/feedbackForm.js
FN:6,_interopRequireDefault
FN:11,(anonymous_2)
FN:24,(anonymous_3)
FN:28,(anonymous_4)
FN:36,(anonymous_5)
FN:44,(anonymous_6)
FN:57,(anonymous_7)
FN:60,(anonymous_8)
FN:97,(anonymous_9)
FN:162,(anonymous_10)
FN:170,(anonymous_11)
FN:18,(anonymous_12)
FN:21,(anonymous_13)
FNF:13
FNH:11
FNDA:1,_interopRequireDefault
FNDA:4,(anonymous_2)
FNDA:4,(anonymous_3)
FNDA:5,(anonymous_4)
FNDA:5,(anonymous_5)
FNDA:1,(anonymous_6)
FNDA:2,(anonymous_7)
FNDA:6,(anonymous_8)
FNDA:2,(anonymous_9)
FNDA:0,(anonymous_10)
FNDA:0,(anonymous_11)
FNDA:4,(anonymous_12)
FNDA:4,(anonymous_13)
DA:1,1
DA:3,1
DA:4,1
DA:6,15
DA:11,4
DA:12,4
DA:13,4
DA:14,4
DA:15,4
DA:16,4
DA:18,4
DA:19,4
DA:21,4
DA:29,5
DA:37,5
DA:45,1
DA:46,1
DA:48,1
DA:49,1
DA:50,0
DA:51,0
DA:52,0
DA:53,0
DA:58,2
DA:61,6
DA:62,6
DA:65,2
DA:66,0
DA:71,0
DA:74,2
DA:75,2
DA:80,2
DA:83,0
DA:84,0
DA:89,0
DA:92,0
DA:98,2
DA:99,2
DA:103,0
DA:104,0
DA:106,0
DA:107,0
DA:112,0
DA:115,0
DA:117,0
DA:125,0
DA:126,0
DA:128,0
DA:134,0
DA:139,0
DA:141,0
DA:143,0
DA:144,0
DA:147,0
DA:152,0
DA:158,0
DA:163,0
DA:164,0
DA:165,0
DA:168,0
DA:169,0
DA:170,0
DA:171,0
DA:172,0
DA:176,1
LF:65
LH:29
BRDA:6,0,0,2
BRDA:6,0,1,1
BRDA:48,1,0,1
BRDA:48,1,1,0
BRDA:50,2,0,0
BRDA:50,2,1,0
BRDA:52,3,0,0
BRDA:62,4,0,6
BRDA:62,4,1,2
BRDA:65,5,0,0
BRDA:74,6,0,2
BRDA:74,7,0,2
BRDA:74,7,1,0
BRDA:83,8,0,0
BRDA:98,9,0,2
BRDA:103,10,0,0
BRDA:103,10,1,0
BRDA:104,11,0,0
BRDA:104,11,1,0
BRDA:106,12,0,0
BRDA:143,13,0,0
BRDA:154,14,0,0
BRDA:154,14,1,0
BRDA:154,15,0,0
BRDA:154,15,1,0
BRDA:169,16,0,0
BRF:26
BRH:8
end_of_record
TN:
SF:force-app/main/default/lwc/feedbackList/feedbackList.js
FN:6,_interopRequireDefault
FN:13,(anonymous_3)
FN:25,(anonymous_4)
FN:36,(anonymous_5)
FN:40,(anonymous_6)
FN:44,(anonymous_7)
FN:49,(anonymous_8)
FN:54,(anonymous_9)
FN:60,(anonymous_10)
FN:71,(anonymous_11)
FN:74,(anonymous_12)
FN:117,(anonymous_13)
FN:121,(anonymous_14)
FN:125,(anonymous_15)
FN:131,(anonymous_16)
FN:140,(anonymous_17)
FN:149,(anonymous_18)
FN:153,(anonymous_19)
FN:157,(anonymous_20)
FN:163,(anonymous_21)
FN:167,(anonymous_22)
FN:21,(anonymous_23)
FN:24,(anonymous_24)
FN:35,(anonymous_25)
FNF:24
FNH:9
FNDA:1,_interopRequireDefault
FNDA:4,(anonymous_3)
FNDA:4,(anonymous_4)
FNDA:4,(anonymous_5)
FNDA:4,(anonymous_6)
FNDA:4,(anonymous_7)
FNDA:0,(anonymous_8)
FNDA:0,(anonymous_9)
FNDA:0,(anonymous_10)
FNDA:0,(anonymous_11)
FNDA:0,(anonymous_12)
FNDA:0,(anonymous_13)
FNDA:0,(anonymous_14)
FNDA:0,(anonymous_15)
FNDA:0,(anonymous_16)
FNDA:0,(anonymous_17)
FNDA:0,(anonymous_18)
FNDA:0,(anonymous_19)
FNDA:0,(anonymous_20)
FNDA:0,(anonymous_21)
FNDA:0,(anonymous_22)
FNDA:4,(anonymous_23)
FNDA:4,(anonymous_24)
FNDA:4,(anonymous_25)
DA:1,1
DA:3,1
DA:6,12
DA:9,1
DA:13,4
DA:14,4
DA:15,4
DA:16,4
DA:17,4
DA:19,4
DA:21,4
DA:22,4
DA:24,4
DA:26,4
DA:27,0
DA:28,0
DA:35,4
DA:37,4
DA:41,4
DA:45,4
DA:46,0
DA:49,0
DA:55,0
DA:56,0
DA:61,0
DA:62,0
DA:63,0
DA:67,0
DA:72,0
DA:74,0
DA:75,0
DA:76,0
DA:78,0
DA:79,0
DA:80,0
DA:81,0
DA:82,0
DA:83,0
DA:84,0
DA:85,0
DA:86,0
DA:87,0
DA:89,0
DA:93,0
DA:94,0
DA:96,0
DA:97,0
DA:98,0
DA:99,0
DA:100,0
DA:101,0
DA:104,0
DA:106,0
DA:118,0
DA:120,0
DA:121,0
DA:124,0
DA:125,0
DA:128,0
DA:132,0
DA:141,0
DA:150,0
DA:154,0
DA:158,0
DA:159,0
DA:160,0
DA:164,0
DA:168,0
DA:170,1
LF:69
LH:19
BRDA:6,0,0,2
BRDA:6,0,1,1
BRDA:26,1,0,0
BRDA:28,2,0,0
BRDA:28,2,1,0
BRDA:45,3,0,0
BRDA:55,4,0,0
BRDA:72,5,0,0
BRDA:72,5,1,0
BRDA:72,6,0,0
BRDA:72,6,1,0
BRDA:78,7,0,0
BRDA:79,8,0,0
BRDA:79,8,1,0
BRDA:82,9,0,0
BRDA:82,9,1,0
BRDA:85,10,0,0
BRDA:85,10,1,0
BRDA:94,11,0,0
BRDA:94,11,1,0
BRDA:96,12,0,0
BRDA:96,12,1,0
BRDA:98,13,0,0
BRDA:98,13,1,0
BRDA:100,14,0,0
BRDA:104,15,0,0
BRDA:104,15,1,0
BRDA:120,16,0,0
BRDA:124,17,0,0
BRDA:164,18,0,0
BRDA:164,18,1,0
BRF:31
BRH:2
end_of_record
TN:
SF:force-app/main/default/lwc/feedbackListTable/feedbackListTable.js
FN:1,_interopRequireDefault
FN:3,(anonymous_1)
FN:6,(anonymous_2)
FN:7,(anonymous_3)
FNF:4
FNH:2
FNDA:1,_interopRequireDefault
FNDA:3,(anonymous_1)
FNDA:0,(anonymous_2)
FNDA:0,(anonymous_3)
DA:1,2
DA:3,3
DA:7,0
DA:13,1
LF:4
LH:3
BRDA:1,0,0,2
BRDA:1,0,1,1
BRF:2
BRH:2
end_of_record
TN:
SF:force-app/main/default/lwc/ticketWelcome/ticketWelcome.js
FN:2,_interopRequireDefault
FN:6,(anonymous_1)
FN:10,(anonymous_2)
FN:17,(anonymous_3)
FN:7,(anonymous_4)
FNF:5
FNH:4
FNDA:1,_interopRequireDefault
FNDA:4,(anonymous_1)
FNDA:4,(anonymous_2)
FNDA:0,(anonymous_3)
FNDA:4,(anonymous_4)
DA:1,1
DA:2,7
DA:6,4
DA:7,4
DA:11,4
DA:12,0
DA:14,4
DA:18,0
DA:20,1
LF:9
LH:7
BRDA:2,0,0,2
BRDA:2,0,1,1
BRDA:11,1,0,0
BRDA:11,2,0,4
BRDA:11,2,1,4
BRDA:18,3,0,0
BRDA:18,3,1,0
BRF:7
BRH:4
end_of_record
