TN:
SF:force-app/main/default/lwc/feedbackForm/feedbackForm.js
FN:5,_interopRequireDefault
FN:8,(anonymous_2)
FN:18,(anonymous_3)
FN:23,(anonymous_4)
FN:27,(anonymous_5)
FN:33,(anonymous_6)
FN:40,(anonymous_7)
FN:47,(anonymous_8)
FN:55,(anonymous_9)
FN:63,(anonymous_10)
FN:67,(anonymous_11)
FN:80,(anonymous_12)
FN:111,(anonymous_13)
FN:118,(anonymous_14)
FN:123,(anonymous_15)
FN:135,(anonymous_16)
FN:141,(anonymous_17)
FN:15,(anonymous_18)
FNF:18
FNH:0
FNDA:0,_interopRequireDefault
FNDA:0,(anonymous_2)
FNDA:0,(anonymous_3)
FNDA:0,(anonymous_4)
FNDA:0,(anonymous_5)
FNDA:0,(anonymous_6)
FNDA:0,(anonymous_7)
FNDA:0,(anonymous_8)
FNDA:0,(anonymous_9)
FNDA:0,(anonymous_10)
FNDA:0,(anonymous_11)
FNDA:0,(anonymous_12)
FNDA:0,(anonymous_13)
FNDA:0,(anonymous_14)
FNDA:0,(anonymous_15)
FNDA:0,(anonymous_16)
FNDA:0,(anonymous_17)
FNDA:0,(anonymous_18)
DA:1,0
DA:3,0
DA:4,0
DA:5,0
DA:8,0
DA:9,0
DA:10,0
DA:11,0
DA:12,0
DA:13,0
DA:15,0
DA:20,0
DA:24,0
DA:25,0
DA:27,0
DA:28,0
DA:29,0
DA:34,0
DA:35,0
DA:36,0
DA:41,0
DA:42,0
DA:43,0
DA:48,0
DA:56,0
DA:64,0
DA:68,0
DA:69,0
DA:71,0
DA:72,0
DA:73,0
DA:74,0
DA:75,0
DA:76,0
DA:81,0
DA:82,0
DA:85,0
DA:87,0
DA:88,0
DA:95,0
DA:97,0
DA:98,0
DA:101,0
DA:104,0
DA:105,0
DA:107,0
DA:112,0
DA:115,0
DA:119,0
DA:124,0
DA:125,0
DA:128,0
DA:129,0
DA:132,0
DA:136,0
DA:137,0
DA:138,0
DA:142,0
DA:147,0
DA:149,0
LF:60
LH:0
BRDA:5,0,0,0
BRDA:5,0,1,0
BRDA:35,1,0,0
BRDA:42,2,0,0
BRDA:64,3,0,0
BRDA:64,3,1,0
BRDA:71,4,0,0
BRDA:71,4,1,0
BRDA:73,5,0,0
BRDA:73,5,1,0
BRDA:75,6,0,0
BRDA:81,7,0,0
BRDA:125,8,0,0
BRDA:125,8,1,0
BRDA:128,9,0,0
BRF:15
BRH:0
end_of_record
TN:
SF:force-app/main/default/lwc/feedbackInbox/feedbackInbox.js
FN:3,_interopRequireDefault
FN:7,(anonymous_3)
FN:19,(anonymous_4)
FN:33,(anonymous_5)
FN:37,(anonymous_6)
FN:41,(anonymous_7)
FN:46,(anonymous_8)
FN:51,(anonymous_9)
FN:58,(anonymous_10)
FN:75,(anonymous_11)
FN:82,(anonymous_12)
FN:85,(anonymous_13)
FN:90,(anonymous_14)
FN:94,(anonymous_15)
FN:98,(anonymous_16)
FN:103,(anonymous_17)
FN:15,(anonymous_18)
FN:18,(anonymous_19)
FNF:18
FNH:14
FNDA:2,_interopRequireDefault
FNDA:10,(anonymous_3)
FNDA:14,(anonymous_4)
FNDA:0,(anonymous_5)
FNDA:10,(anonymous_6)
FNDA:10,(anonymous_7)
FNDA:5,(anonymous_8)
FNDA:10,(anonymous_9)
FNDA:5,(anonymous_10)
FNDA:0,(anonymous_11)
FNDA:10,(anonymous_12)
FNDA:0,(anonymous_13)
FNDA:60,(anonymous_14)
FNDA:2,(anonymous_15)
FNDA:1,(anonymous_16)
FNDA:0,(anonymous_17)
FNDA:10,(anonymous_18)
FNDA:10,(anonymous_19)
DA:1,1
DA:3,10
DA:7,10
DA:8,10
DA:9,10
DA:10,10
DA:11,10
DA:12,10
DA:13,10
DA:15,10
DA:18,10
DA:20,14
DA:21,14
DA:22,2
DA:23,2
DA:24,2
DA:25,2
DA:26,12
DA:27,1
DA:28,1
DA:29,1
DA:34,0
DA:38,10
DA:42,10
DA:43,10
DA:46,5
DA:52,10
DA:53,10
DA:54,10
DA:59,5
DA:60,2
DA:61,3
DA:63,2
DA:64,1
DA:66,0
DA:67,0
DA:77,0
DA:83,10
DA:85,10
DA:86,0
DA:91,60
DA:95,2
DA:99,1
DA:104,0
DA:106,1
LF:45
LH:39
BRDA:3,0,0,3
BRDA:3,0,1,2
BRDA:21,1,0,2
BRDA:21,1,1,12
BRDA:21,2,0,14
BRDA:21,2,1,2
BRDA:23,3,0,2
BRDA:23,3,1,0
BRDA:26,4,0,1
BRDA:42,5,0,10
BRDA:52,6,0,10
BRDA:59,7,0,2
BRDA:59,7,1,3
BRDA:59,8,0,5
BRDA:59,8,1,2
BRDA:61,9,0,2
BRDA:61,9,1,1
BRDA:64,10,0,0
BRDA:66,11,0,0
BRDA:95,12,0,2
BRDA:95,12,1,2
BRDA:99,13,0,0
BRDA:99,13,1,1
BRDA:99,14,0,1
BRDA:99,14,1,0
BRF:25
BRH:20
end_of_record
TN:
SF:force-app/main/default/lwc/feedbackList/feedbackList.js
FN:4,_interopRequireDefault
FN:6,(anonymous_3)
FN:26,(anonymous_4)
FN:31,(anonymous_5)
FN:52,(anonymous_6)
FN:62,(anonymous_7)
FN:74,(anonymous_8)
FN:78,(anonymous_9)
FN:84,(anonymous_10)
FN:92,(anonymous_11)
FN:96,(anonymous_12)
FN:100,(anonymous_13)
FN:110,(anonymous_14)
FN:119,(anonymous_15)
FN:123,(anonymous_16)
FN:127,(anonymous_17)
FN:130,(anonymous_18)
FN:133,(anonymous_19)
FN:137,(anonymous_20)
FN:142,(anonymous_21)
FN:152,(anonymous_22)
FN:25,(anonymous_23)
FNF:22
FNH:13
FNDA:1,_interopRequireDefault
FNDA:15,(anonymous_3)
FNDA:20,(anonymous_4)
FNDA:4,(anonymous_5)
FNDA:20,(anonymous_6)
FNDA:20,(anonymous_7)
FNDA:83,(anonymous_8)
FNDA:0,(anonymous_9)
FNDA:0,(anonymous_10)
FNDA:40,(anonymous_11)
FNDA:40,(anonymous_12)
FNDA:4,(anonymous_13)
FNDA:4,(anonymous_14)
FNDA:0,(anonymous_15)
FNDA:0,(anonymous_16)
FNDA:0,(anonymous_17)
FNDA:0,(anonymous_18)
FNDA:0,(anonymous_19)
FNDA:0,(anonymous_20)
FNDA:0,(anonymous_21)
FNDA:15,(anonymous_22)
FNDA:15,(anonymous_23)
DA:1,1
DA:4,5
DA:6,15
DA:7,15
DA:8,15
DA:9,15
DA:10,15
DA:11,15
DA:15,15
DA:25,15
DA:27,20
DA:28,20
DA:30,20
DA:31,4
DA:32,4
DA:43,4
DA:44,16
DA:45,1
DA:46,1
DA:47,1
DA:49,20
DA:53,20
DA:63,20
DA:75,83
DA:77,83
DA:78,0
DA:79,0
DA:83,83
DA:84,0
DA:85,0
DA:89,83
DA:93,40
DA:97,40
DA:101,4
DA:107,4
DA:111,4
DA:116,4
DA:120,0
DA:124,0
DA:128,0
DA:129,0
DA:131,0
DA:134,0
DA:135,0
DA:138,0
DA:143,0
DA:154,15
DA:155,0
DA:158,1
LF:49
LH:35
BRDA:4,0,0,2
BRDA:4,0,1,1
BRDA:30,1,0,4
BRDA:30,1,1,16
BRDA:34,2,0,4
BRDA:34,2,1,4
BRDA:37,3,0,0
BRDA:37,3,1,4
BRDA:38,4,0,4
BRDA:38,4,1,4
BRDA:44,5,0,1
BRDA:46,6,0,1
BRDA:46,6,1,0
BRDA:77,7,0,0
BRDA:83,8,0,0
BRDA:107,9,0,4
BRDA:107,9,1,4
BRDA:116,10,0,4
BRDA:116,10,1,4
BRDA:154,11,0,0
BRF:20
BRH:15
end_of_record
TN:
SF:force-app/main/default/lwc/statusManager/statusManager.js
FN:7,_interopRequireDefault
FN:10,(anonymous_5)
FN:24,(anonymous_6)
FN:35,(anonymous_7)
FN:36,(anonymous_8)
FN:42,(anonymous_9)
FN:46,(anonymous_10)
FN:49,(anonymous_11)
FN:58,(anonymous_12)
FN:62,(anonymous_13)
FN:73,(anonymous_14)
FN:74,(anonymous_15)
FN:79,(anonymous_16)
FN:89,(anonymous_17)
FN:97,(anonymous_18)
FN:101,(anonymous_19)
FN:105,(anonymous_20)
FN:113,(anonymous_21)
FN:117,(anonymous_22)
FN:147,(anonymous_23)
FN:198,(anonymous_24)
FN:207,(anonymous_25)
FN:215,(anonymous_26)
FN:223,(anonymous_27)
FN:227,(anonymous_28)
FN:20,(anonymous_29)
FN:23,(anonymous_30)
FNF:27
FNH:17
FNDA:2,_interopRequireDefault
FNDA:9,(anonymous_5)
FNDA:19,(anonymous_6)
FNDA:15,(anonymous_7)
FNDA:7,(anonymous_8)
FNDA:279,(anonymous_9)
FNDA:144,(anonymous_10)
FNDA:17,(anonymous_11)
FNDA:80,(anonymous_12)
FNDA:68,(anonymous_13)
FNDA:17,(anonymous_14)
FNDA:68,(anonymous_15)
FNDA:6,(anonymous_16)
FNDA:6,(anonymous_17)
FNDA:96,(anonymous_18)
FNDA:0,(anonymous_19)
FNDA:0,(anonymous_20)
FNDA:0,(anonymous_21)
FNDA:0,(anonymous_22)
FNDA:0,(anonymous_23)
FNDA:0,(anonymous_24)
FNDA:0,(anonymous_25)
FNDA:0,(anonymous_26)
FNDA:0,(anonymous_27)
FNDA:0,(anonymous_28)
FNDA:9,(anonymous_29)
FNDA:9,(anonymous_30)
DA:1,1
DA:5,1
DA:7,14
DA:10,9
DA:11,9
DA:12,9
DA:13,9
DA:14,9
DA:15,9
DA:16,9
DA:17,9
DA:18,9
DA:20,9
DA:23,9
DA:25,19
DA:26,19
DA:27,7
DA:29,7
DA:30,3
DA:36,15
DA:43,279
DA:44,27
DA:46,252
DA:50,17
DA:59,80
DA:63,68
DA:64,68
DA:70,68
DA:74,17
DA:75,68
DA:80,6
DA:86,6
DA:90,6
DA:91,1
DA:92,1
DA:93,1
DA:94,1
DA:98,96
DA:102,0
DA:106,0
DA:107,0
DA:110,0
DA:114,0
DA:118,0
DA:119,0
DA:120,0
DA:123,0
DA:125,0
DA:126,0
DA:131,0
DA:132,0
DA:135,0
DA:138,0
DA:143,0
DA:148,0
DA:150,0
DA:151,0
DA:152,0
DA:155,0
DA:156,0
DA:157,0
DA:160,0
DA:162,0
DA:163,0
DA:168,0
DA:174,0
DA:177,0
DA:180,0
DA:189,0
DA:194,0
DA:199,0
DA:204,0
DA:208,0
DA:212,0
DA:216,0
DA:220,0
DA:224,0
DA:228,0
DA:234,1
LF:79
LH:39
BRDA:7,0,0,3
BRDA:7,0,1,2
BRDA:26,1,0,7
BRDA:29,2,0,3
BRDA:29,3,0,7
BRDA:29,3,1,4
BRDA:37,4,0,7
BRDA:37,4,1,5
BRDA:43,5,0,27
BRDA:46,6,0,252
BRDA:46,6,1,108
BRDA:59,7,0,80
BRDA:59,7,1,0
BRDA:70,8,0,68
BRDA:70,8,1,0
BRDA:86,9,0,6
BRDA:86,9,1,0
BRDA:90,10,0,5
BRDA:98,11,0,96
BRDA:98,11,1,96
BRDA:102,12,0,0
BRDA:102,12,1,0
BRDA:118,13,0,0
BRDA:139,14,0,0
BRDA:139,14,1,0
BRDA:150,15,0,0
BRDA:155,16,0,0
BRDA:190,17,0,0
BRDA:190,17,1,0
BRF:29
BRH:17
end_of_record
TN:
SF:force-app/main/default/lwc/ticketHistory/ticketHistory.js
FN:3,_interopRequireDefault
FN:7,(anonymous_3)
FN:19,(anonymous_4)
FN:33,(anonymous_5)
FN:36,(anonymous_6)
FN:41,(anonymous_7)
FN:45,(anonymous_8)
FN:50,(anonymous_9)
FN:55,(anonymous_10)
FN:62,(anonymous_11)
FN:79,(anonymous_12)
FN:86,(anonymous_13)
FN:90,(anonymous_14)
FN:94,(anonymous_15)
FN:99,(anonymous_16)
FN:15,(anonymous_17)
FN:18,(anonymous_18)
FNF:17
FNH:14
FNDA:2,_interopRequireDefault
FNDA:9,(anonymous_3)
FNDA:13,(anonymous_4)
FNDA:9,(anonymous_5)
FNDA:0,(anonymous_6)
FNDA:9,(anonymous_7)
FNDA:9,(anonymous_8)
FNDA:3,(anonymous_9)
FNDA:9,(anonymous_10)
FNDA:3,(anonymous_11)
FNDA:0,(anonymous_12)
FNDA:50,(anonymous_13)
FNDA:2,(anonymous_14)
FNDA:1,(anonymous_15)
FNDA:0,(anonymous_16)
FNDA:9,(anonymous_17)
FNDA:9,(anonymous_18)
DA:1,1
DA:3,10
DA:7,9
DA:8,9
DA:9,9
DA:10,9
DA:11,9
DA:12,9
DA:13,9
DA:15,9
DA:18,9
DA:20,13
DA:21,13
DA:22,2
DA:23,2
DA:24,2
DA:25,2
DA:26,11
DA:27,1
DA:28,1
DA:29,1
DA:34,9
DA:36,9
DA:37,0
DA:42,9
DA:46,9
DA:47,9
DA:50,3
DA:56,9
DA:57,9
DA:58,9
DA:63,3
DA:64,0
DA:65,3
DA:67,1
DA:68,2
DA:70,1
DA:71,1
DA:81,0
DA:87,50
DA:91,2
DA:95,1
DA:100,0
DA:102,1
LF:44
LH:40
BRDA:3,0,0,3
BRDA:3,0,1,2
BRDA:21,1,0,2
BRDA:21,1,1,11
BRDA:21,2,0,13
BRDA:21,2,1,2
BRDA:23,3,0,2
BRDA:23,3,1,0
BRDA:26,4,0,1
BRDA:46,5,0,9
BRDA:56,6,0,9
BRDA:63,7,0,0
BRDA:63,7,1,3
BRDA:63,8,0,3
BRDA:63,8,1,1
BRDA:65,9,0,1
BRDA:65,9,1,2
BRDA:68,10,0,1
BRDA:70,11,0,1
BRDA:91,12,0,2
BRDA:91,12,1,2
BRDA:95,13,0,0
BRDA:95,13,1,1
BRDA:95,14,0,1
BRDA:95,14,1,0
BRF:25
BRH:21
end_of_record
TN:
SF:force-app/main/default/lwc/ticketWelcome/ticketWelcome.js
FN:2,_interopRequireDefault
FN:6,(anonymous_1)
FN:10,(anonymous_2)
FN:17,(anonymous_3)
FN:7,(anonymous_4)
FNF:5
FNH:3
FNDA:1,_interopRequireDefault
FNDA:8,(anonymous_1)
FNDA:0,(anonymous_2)
FNDA:0,(anonymous_3)
FNDA:8,(anonymous_4)
DA:1,1
DA:2,7
DA:6,8
DA:7,8
DA:11,0
DA:12,0
DA:14,0
DA:18,0
DA:20,1
LF:9
LH:5
BRDA:2,0,0,2
BRDA:2,0,1,1
BRDA:11,1,0,0
BRDA:11,2,0,0
BRDA:11,2,1,0
BRDA:18,3,0,0
BRDA:18,3,1,0
BRF:7
BRH:2
end_of_record
